{"C:\\Users\\kuldeep.chopra\\Desktop\\Work\\gateKeeper\\gatekeeper_second\\src\\test\\integration\\db\\file_entity.spec.ts":{"path":"C:\\Users\\kuldeep.chopra\\Desktop\\Work\\gateKeeper\\gatekeeper_second\\src\\test\\integration\\db\\file_entity.spec.ts","statementMap":{"0":{"start":{"line":2,"column":16},"end":{"line":10,"column":1}},"1":{"start":{"line":3,"column":28},"end":{"line":3,"column":110}},"2":{"start":{"line":3,"column":91},"end":{"line":3,"column":106}},"3":{"start":{"line":4,"column":4},"end":{"line":9,"column":7}},"4":{"start":{"line":5,"column":36},"end":{"line":5,"column":97}},"5":{"start":{"line":5,"column":42},"end":{"line":5,"column":70}},"6":{"start":{"line":5,"column":85},"end":{"line":5,"column":95}},"7":{"start":{"line":6,"column":35},"end":{"line":6,"column":100}},"8":{"start":{"line":6,"column":41},"end":{"line":6,"column":73}},"9":{"start":{"line":6,"column":88},"end":{"line":6,"column":98}},"10":{"start":{"line":7,"column":32},"end":{"line":7,"column":116}},"11":{"start":{"line":8,"column":8},"end":{"line":8,"column":78}},"12":{"start":{"line":11,"column":18},"end":{"line":37,"column":1}},"13":{"start":{"line":12,"column":12},"end":{"line":12,"column":104}},"14":{"start":{"line":12,"column":43},"end":{"line":12,"column":68}},"15":{"start":{"line":12,"column":57},"end":{"line":12,"column":68}},"16":{"start":{"line":12,"column":69},"end":{"line":12,"column":81}},"17":{"start":{"line":13,"column":4},"end":{"line":13,"column":157}},"18":{"start":{"line":13,"column":138},"end":{"line":13,"column":150}},"19":{"start":{"line":14,"column":23},"end":{"line":14,"column":68}},"20":{"start":{"line":14,"column":45},"end":{"line":14,"column":65}},"21":{"start":{"line":16,"column":8},"end":{"line":16,"column":70}},"22":{"start":{"line":16,"column":15},"end":{"line":16,"column":70}},"23":{"start":{"line":17,"column":8},"end":{"line":34,"column":66}},"24":{"start":{"line":17,"column":18},"end":{"line":34,"column":66}},"25":{"start":{"line":18,"column":12},"end":{"line":18,"column":169}},"26":{"start":{"line":18,"column":160},"end":{"line":18,"column":169}},"27":{"start":{"line":19,"column":12},"end":{"line":19,"column":52}},"28":{"start":{"line":19,"column":26},"end":{"line":19,"column":52}},"29":{"start":{"line":20,"column":12},"end":{"line":32,"column":13}},"30":{"start":{"line":21,"column":32},"end":{"line":21,"column":39}},"31":{"start":{"line":21,"column":40},"end":{"line":21,"column":46}},"32":{"start":{"line":22,"column":24},"end":{"line":22,"column":34}},"33":{"start":{"line":22,"column":35},"end":{"line":22,"column":72}},"34":{"start":{"line":23,"column":24},"end":{"line":23,"column":34}},"35":{"start":{"line":23,"column":35},"end":{"line":23,"column":45}},"36":{"start":{"line":23,"column":46},"end":{"line":23,"column":55}},"37":{"start":{"line":23,"column":56},"end":{"line":23,"column":65}},"38":{"start":{"line":24,"column":24},"end":{"line":24,"column":41}},"39":{"start":{"line":24,"column":42},"end":{"line":24,"column":55}},"40":{"start":{"line":24,"column":56},"end":{"line":24,"column":65}},"41":{"start":{"line":26,"column":20},"end":{"line":26,"column":128}},"42":{"start":{"line":26,"column":110},"end":{"line":26,"column":116}},"43":{"start":{"line":26,"column":117},"end":{"line":26,"column":126}},"44":{"start":{"line":27,"column":20},"end":{"line":27,"column":106}},"45":{"start":{"line":27,"column":81},"end":{"line":27,"column":97}},"46":{"start":{"line":27,"column":98},"end":{"line":27,"column":104}},"47":{"start":{"line":28,"column":20},"end":{"line":28,"column":89}},"48":{"start":{"line":28,"column":57},"end":{"line":28,"column":72}},"49":{"start":{"line":28,"column":73},"end":{"line":28,"column":80}},"50":{"start":{"line":28,"column":81},"end":{"line":28,"column":87}},"51":{"start":{"line":29,"column":20},"end":{"line":29,"column":87}},"52":{"start":{"line":29,"column":47},"end":{"line":29,"column":62}},"53":{"start":{"line":29,"column":63},"end":{"line":29,"column":78}},"54":{"start":{"line":29,"column":79},"end":{"line":29,"column":85}},"55":{"start":{"line":30,"column":20},"end":{"line":30,"column":42}},"56":{"start":{"line":30,"column":30},"end":{"line":30,"column":42}},"57":{"start":{"line":31,"column":20},"end":{"line":31,"column":33}},"58":{"start":{"line":31,"column":34},"end":{"line":31,"column":43}},"59":{"start":{"line":33,"column":12},"end":{"line":33,"column":39}},"60":{"start":{"line":34,"column":22},"end":{"line":34,"column":34}},"61":{"start":{"line":34,"column":35},"end":{"line":34,"column":41}},"62":{"start":{"line":34,"column":54},"end":{"line":34,"column":64}},"63":{"start":{"line":35,"column":8},"end":{"line":35,"column":35}},"64":{"start":{"line":35,"column":23},"end":{"line":35,"column":35}},"65":{"start":{"line":35,"column":36},"end":{"line":35,"column":89}},"66":{"start":{"line":38,"column":22},"end":{"line":40,"column":1}},"67":{"start":{"line":39,"column":4},"end":{"line":39,"column":62}},"68":{"start":{"line":41,"column":0},"end":{"line":41,"column":62}},"69":{"start":{"line":42,"column":13},"end":{"line":42,"column":28}},"70":{"start":{"line":43,"column":0},"end":{"line":43,"column":17}},"71":{"start":{"line":44,"column":27},"end":{"line":44,"column":75}},"72":{"start":{"line":45,"column":13},"end":{"line":45,"column":44}},"73":{"start":{"line":46,"column":0},"end":{"line":182,"column":3}},"74":{"start":{"line":49,"column":4},"end":{"line":64,"column":7}},"75":{"start":{"line":50,"column":8},"end":{"line":63,"column":11}},"76":{"start":{"line":51,"column":12},"end":{"line":62,"column":15}},"77":{"start":{"line":52,"column":16},"end":{"line":61,"column":17}},"78":{"start":{"line":53,"column":28},"end":{"line":53,"column":79}},"79":{"start":{"line":55,"column":24},"end":{"line":55,"column":40}},"80":{"start":{"line":56,"column":24},"end":{"line":56,"column":66}},"81":{"start":{"line":57,"column":24},"end":{"line":57,"column":66}},"82":{"start":{"line":59,"column":24},"end":{"line":59,"column":34}},"83":{"start":{"line":60,"column":24},"end":{"line":60,"column":46}},"84":{"start":{"line":65,"column":4},"end":{"line":79,"column":7}},"85":{"start":{"line":66,"column":8},"end":{"line":78,"column":11}},"86":{"start":{"line":67,"column":12},"end":{"line":77,"column":15}},"87":{"start":{"line":68,"column":16},"end":{"line":76,"column":17}},"88":{"start":{"line":69,"column":28},"end":{"line":69,"column":70}},"89":{"start":{"line":71,"column":24},"end":{"line":71,"column":34}},"90":{"start":{"line":72,"column":24},"end":{"line":72,"column":58}},"91":{"start":{"line":74,"column":24},"end":{"line":74,"column":34}},"92":{"start":{"line":75,"column":24},"end":{"line":75,"column":46}},"93":{"start":{"line":80,"column":4},"end":{"line":91,"column":7}},"94":{"start":{"line":81,"column":8},"end":{"line":90,"column":11}},"95":{"start":{"line":82,"column":12},"end":{"line":89,"column":15}},"96":{"start":{"line":83,"column":16},"end":{"line":88,"column":17}},"97":{"start":{"line":84,"column":28},"end":{"line":84,"column":70}},"98":{"start":{"line":86,"column":24},"end":{"line":86,"column":34}},"99":{"start":{"line":87,"column":24},"end":{"line":87,"column":46}},"100":{"start":{"line":92,"column":4},"end":{"line":111,"column":7}},"101":{"start":{"line":93,"column":8},"end":{"line":110,"column":11}},"102":{"start":{"line":94,"column":23},"end":{"line":94,"column":40}},"103":{"start":{"line":95,"column":12},"end":{"line":95,"column":34}},"104":{"start":{"line":96,"column":12},"end":{"line":96,"column":40}},"105":{"start":{"line":97,"column":12},"end":{"line":108,"column":15}},"106":{"start":{"line":98,"column":16},"end":{"line":105,"column":19}},"107":{"start":{"line":100,"column":33},"end":{"line":100,"column":88}},"108":{"start":{"line":101,"column":20},"end":{"line":101,"column":60}},"109":{"start":{"line":102,"column":20},"end":{"line":102,"column":27}},"110":{"start":{"line":104,"column":20},"end":{"line":104,"column":28}},"111":{"start":{"line":107,"column":16},"end":{"line":107,"column":24}},"112":{"start":{"line":112,"column":4},"end":{"line":132,"column":7}},"113":{"start":{"line":113,"column":8},"end":{"line":131,"column":11}},"114":{"start":{"line":114,"column":23},"end":{"line":114,"column":40}},"115":{"start":{"line":115,"column":12},"end":{"line":115,"column":34}},"116":{"start":{"line":116,"column":12},"end":{"line":116,"column":40}},"117":{"start":{"line":117,"column":24},"end":{"line":117,"column":41}},"118":{"start":{"line":118,"column":12},"end":{"line":118,"column":35}},"119":{"start":{"line":119,"column":12},"end":{"line":119,"column":41}},"120":{"start":{"line":120,"column":12},"end":{"line":129,"column":15}},"121":{"start":{"line":121,"column":16},"end":{"line":126,"column":19}},"122":{"start":{"line":122,"column":20},"end":{"line":122,"column":60}},"123":{"start":{"line":123,"column":20},"end":{"line":123,"column":27}},"124":{"start":{"line":125,"column":20},"end":{"line":125,"column":28}},"125":{"start":{"line":128,"column":16},"end":{"line":128,"column":24}},"126":{"start":{"line":133,"column":4},"end":{"line":145,"column":7}},"127":{"start":{"line":134,"column":8},"end":{"line":144,"column":11}},"128":{"start":{"line":135,"column":23},"end":{"line":135,"column":40}},"129":{"start":{"line":136,"column":12},"end":{"line":136,"column":34}},"130":{"start":{"line":137,"column":12},"end":{"line":137,"column":40}},"131":{"start":{"line":138,"column":12},"end":{"line":143,"column":15}},"132":{"start":{"line":139,"column":16},"end":{"line":139,"column":65}},"133":{"start":{"line":140,"column":16},"end":{"line":140,"column":23}},"134":{"start":{"line":142,"column":16},"end":{"line":142,"column":24}},"135":{"start":{"line":146,"column":4},"end":{"line":163,"column":7}},"136":{"start":{"line":147,"column":8},"end":{"line":162,"column":11}},"137":{"start":{"line":148,"column":23},"end":{"line":148,"column":40}},"138":{"start":{"line":149,"column":12},"end":{"line":149,"column":34}},"139":{"start":{"line":150,"column":12},"end":{"line":150,"column":40}},"140":{"start":{"line":151,"column":12},"end":{"line":161,"column":15}},"141":{"start":{"line":152,"column":16},"end":{"line":152,"column":48}},"142":{"start":{"line":153,"column":16},"end":{"line":158,"column":19}},"143":{"start":{"line":154,"column":20},"end":{"line":154,"column":73}},"144":{"start":{"line":155,"column":20},"end":{"line":155,"column":27}},"145":{"start":{"line":157,"column":20},"end":{"line":157,"column":28}},"146":{"start":{"line":160,"column":16},"end":{"line":160,"column":24}},"147":{"start":{"line":164,"column":4},"end":{"line":181,"column":7}},"148":{"start":{"line":165,"column":8},"end":{"line":180,"column":11}},"149":{"start":{"line":166,"column":23},"end":{"line":166,"column":40}},"150":{"start":{"line":167,"column":12},"end":{"line":167,"column":34}},"151":{"start":{"line":168,"column":12},"end":{"line":168,"column":40}},"152":{"start":{"line":169,"column":12},"end":{"line":178,"column":15}},"153":{"start":{"line":170,"column":16},"end":{"line":175,"column":19}},"154":{"start":{"line":171,"column":20},"end":{"line":171,"column":62}},"155":{"start":{"line":172,"column":20},"end":{"line":172,"column":27}},"156":{"start":{"line":174,"column":20},"end":{"line":174,"column":28}},"157":{"start":{"line":177,"column":16},"end":{"line":177,"column":24}}},"fnMap":{"0":{"name":"(anonymous_0)","decl":{"start":{"line":2,"column":44},"end":{"line":2,"column":45}},"loc":{"start":{"line":2,"column":89},"end":{"line":10,"column":1}},"line":2},"1":{"name":"adopt","decl":{"start":{"line":3,"column":13},"end":{"line":3,"column":18}},"loc":{"start":{"line":3,"column":26},"end":{"line":3,"column":112}},"line":3},"2":{"name":"(anonymous_2)","decl":{"start":{"line":3,"column":70},"end":{"line":3,"column":71}},"loc":{"start":{"line":3,"column":89},"end":{"line":3,"column":108}},"line":3},"3":{"name":"(anonymous_3)","decl":{"start":{"line":4,"column":36},"end":{"line":4,"column":37}},"loc":{"start":{"line":4,"column":63},"end":{"line":9,"column":5}},"line":4},"4":{"name":"fulfilled","decl":{"start":{"line":5,"column":17},"end":{"line":5,"column":26}},"loc":{"start":{"line":5,"column":34},"end":{"line":5,"column":99}},"line":5},"5":{"name":"rejected","decl":{"start":{"line":6,"column":17},"end":{"line":6,"column":25}},"loc":{"start":{"line":6,"column":33},"end":{"line":6,"column":102}},"line":6},"6":{"name":"step","decl":{"start":{"line":7,"column":17},"end":{"line":7,"column":21}},"loc":{"start":{"line":7,"column":30},"end":{"line":7,"column":118}},"line":7},"7":{"name":"(anonymous_7)","decl":{"start":{"line":11,"column":48},"end":{"line":11,"column":49}},"loc":{"start":{"line":11,"column":73},"end":{"line":37,"column":1}},"line":11},"8":{"name":"(anonymous_8)","decl":{"start":{"line":12,"column":30},"end":{"line":12,"column":31}},"loc":{"start":{"line":12,"column":41},"end":{"line":12,"column":83}},"line":12},"9":{"name":"(anonymous_9)","decl":{"start":{"line":13,"column":125},"end":{"line":13,"column":126}},"loc":{"start":{"line":13,"column":136},"end":{"line":13,"column":152}},"line":13},"10":{"name":"verb","decl":{"start":{"line":14,"column":13},"end":{"line":14,"column":17}},"loc":{"start":{"line":14,"column":21},"end":{"line":14,"column":70}},"line":14},"11":{"name":"(anonymous_11)","decl":{"start":{"line":14,"column":30},"end":{"line":14,"column":31}},"loc":{"start":{"line":14,"column":43},"end":{"line":14,"column":67}},"line":14},"12":{"name":"step","decl":{"start":{"line":15,"column":13},"end":{"line":15,"column":17}},"loc":{"start":{"line":15,"column":22},"end":{"line":36,"column":5}},"line":15},"13":{"name":"(anonymous_13)","decl":{"start":{"line":38,"column":56},"end":{"line":38,"column":57}},"loc":{"start":{"line":38,"column":71},"end":{"line":40,"column":1}},"line":38},"14":{"name":"(anonymous_14)","decl":{"start":{"line":46,"column":49},"end":{"line":46,"column":50}},"loc":{"start":{"line":46,"column":61},"end":{"line":182,"column":1}},"line":46},"15":{"name":"(anonymous_15)","decl":{"start":{"line":49,"column":11},"end":{"line":49,"column":12}},"loc":{"start":{"line":49,"column":23},"end":{"line":64,"column":5}},"line":49},"16":{"name":"(anonymous_16)","decl":{"start":{"line":50,"column":47},"end":{"line":50,"column":48}},"loc":{"start":{"line":50,"column":59},"end":{"line":63,"column":9}},"line":50},"17":{"name":"(anonymous_17)","decl":{"start":{"line":51,"column":37},"end":{"line":51,"column":38}},"loc":{"start":{"line":51,"column":51},"end":{"line":62,"column":13}},"line":51},"18":{"name":"(anonymous_18)","decl":{"start":{"line":65,"column":10},"end":{"line":65,"column":11}},"loc":{"start":{"line":65,"column":22},"end":{"line":79,"column":5}},"line":65},"19":{"name":"(anonymous_19)","decl":{"start":{"line":66,"column":47},"end":{"line":66,"column":48}},"loc":{"start":{"line":66,"column":59},"end":{"line":78,"column":9}},"line":66},"20":{"name":"(anonymous_20)","decl":{"start":{"line":67,"column":37},"end":{"line":67,"column":38}},"loc":{"start":{"line":67,"column":51},"end":{"line":77,"column":13}},"line":67},"21":{"name":"(anonymous_21)","decl":{"start":{"line":80,"column":15},"end":{"line":80,"column":16}},"loc":{"start":{"line":80,"column":27},"end":{"line":91,"column":5}},"line":80},"22":{"name":"(anonymous_22)","decl":{"start":{"line":81,"column":47},"end":{"line":81,"column":48}},"loc":{"start":{"line":81,"column":59},"end":{"line":90,"column":9}},"line":81},"23":{"name":"(anonymous_23)","decl":{"start":{"line":82,"column":37},"end":{"line":82,"column":38}},"loc":{"start":{"line":82,"column":51},"end":{"line":89,"column":13}},"line":82},"24":{"name":"(anonymous_24)","decl":{"start":{"line":92,"column":25},"end":{"line":92,"column":26}},"loc":{"start":{"line":92,"column":37},"end":{"line":111,"column":5}},"line":92},"25":{"name":"(anonymous_25)","decl":{"start":{"line":93,"column":23},"end":{"line":93,"column":24}},"loc":{"start":{"line":93,"column":39},"end":{"line":110,"column":9}},"line":93},"26":{"name":"(anonymous_26)","decl":{"start":{"line":97,"column":37},"end":{"line":97,"column":38}},"loc":{"start":{"line":97,"column":57},"end":{"line":106,"column":13}},"line":97},"27":{"name":"(anonymous_27)","decl":{"start":{"line":98,"column":59},"end":{"line":98,"column":60}},"loc":{"start":{"line":98,"column":76},"end":{"line":103,"column":17}},"line":98},"28":{"name":"(anonymous_28)","decl":{"start":{"line":103,"column":25},"end":{"line":103,"column":26}},"loc":{"start":{"line":103,"column":38},"end":{"line":105,"column":17}},"line":103},"29":{"name":"(anonymous_29)","decl":{"start":{"line":106,"column":21},"end":{"line":106,"column":22}},"loc":{"start":{"line":106,"column":34},"end":{"line":108,"column":13}},"line":106},"30":{"name":"(anonymous_30)","decl":{"start":{"line":112,"column":22},"end":{"line":112,"column":23}},"loc":{"start":{"line":112,"column":34},"end":{"line":132,"column":5}},"line":112},"31":{"name":"(anonymous_31)","decl":{"start":{"line":113,"column":24},"end":{"line":113,"column":25}},"loc":{"start":{"line":113,"column":40},"end":{"line":131,"column":9}},"line":113},"32":{"name":"(anonymous_32)","decl":{"start":{"line":120,"column":46},"end":{"line":120,"column":47}},"loc":{"start":{"line":120,"column":66},"end":{"line":127,"column":13}},"line":120},"33":{"name":"(anonymous_33)","decl":{"start":{"line":121,"column":39},"end":{"line":121,"column":40}},"loc":{"start":{"line":121,"column":56},"end":{"line":124,"column":17}},"line":121},"34":{"name":"(anonymous_34)","decl":{"start":{"line":124,"column":25},"end":{"line":124,"column":26}},"loc":{"start":{"line":124,"column":38},"end":{"line":126,"column":17}},"line":124},"35":{"name":"(anonymous_35)","decl":{"start":{"line":127,"column":21},"end":{"line":127,"column":22}},"loc":{"start":{"line":127,"column":34},"end":{"line":129,"column":13}},"line":127},"36":{"name":"(anonymous_36)","decl":{"start":{"line":133,"column":22},"end":{"line":133,"column":23}},"loc":{"start":{"line":133,"column":34},"end":{"line":145,"column":5}},"line":133},"37":{"name":"(anonymous_37)","decl":{"start":{"line":134,"column":24},"end":{"line":134,"column":25}},"loc":{"start":{"line":134,"column":40},"end":{"line":144,"column":9}},"line":134},"38":{"name":"(anonymous_38)","decl":{"start":{"line":138,"column":37},"end":{"line":138,"column":38}},"loc":{"start":{"line":138,"column":57},"end":{"line":141,"column":13}},"line":138},"39":{"name":"(anonymous_39)","decl":{"start":{"line":141,"column":21},"end":{"line":141,"column":22}},"loc":{"start":{"line":141,"column":34},"end":{"line":143,"column":13}},"line":141},"40":{"name":"(anonymous_40)","decl":{"start":{"line":146,"column":24},"end":{"line":146,"column":25}},"loc":{"start":{"line":146,"column":36},"end":{"line":163,"column":5}},"line":146},"41":{"name":"(anonymous_41)","decl":{"start":{"line":147,"column":26},"end":{"line":147,"column":27}},"loc":{"start":{"line":147,"column":42},"end":{"line":162,"column":9}},"line":147},"42":{"name":"(anonymous_42)","decl":{"start":{"line":151,"column":37},"end":{"line":151,"column":38}},"loc":{"start":{"line":151,"column":57},"end":{"line":159,"column":13}},"line":151},"43":{"name":"(anonymous_43)","decl":{"start":{"line":153,"column":45},"end":{"line":153,"column":46}},"loc":{"start":{"line":153,"column":63},"end":{"line":156,"column":17}},"line":153},"44":{"name":"(anonymous_44)","decl":{"start":{"line":156,"column":25},"end":{"line":156,"column":26}},"loc":{"start":{"line":156,"column":38},"end":{"line":158,"column":17}},"line":156},"45":{"name":"(anonymous_45)","decl":{"start":{"line":159,"column":21},"end":{"line":159,"column":22}},"loc":{"start":{"line":159,"column":34},"end":{"line":161,"column":13}},"line":159},"46":{"name":"(anonymous_46)","decl":{"start":{"line":164,"column":24},"end":{"line":164,"column":25}},"loc":{"start":{"line":164,"column":36},"end":{"line":181,"column":5}},"line":164},"47":{"name":"(anonymous_47)","decl":{"start":{"line":165,"column":26},"end":{"line":165,"column":27}},"loc":{"start":{"line":165,"column":42},"end":{"line":180,"column":9}},"line":165},"48":{"name":"(anonymous_48)","decl":{"start":{"line":169,"column":37},"end":{"line":169,"column":38}},"loc":{"start":{"line":169,"column":57},"end":{"line":176,"column":13}},"line":169},"49":{"name":"(anonymous_49)","decl":{"start":{"line":170,"column":58},"end":{"line":170,"column":59}},"loc":{"start":{"line":170,"column":75},"end":{"line":173,"column":17}},"line":170},"50":{"name":"(anonymous_50)","decl":{"start":{"line":173,"column":25},"end":{"line":173,"column":26}},"loc":{"start":{"line":173,"column":38},"end":{"line":175,"column":17}},"line":173},"51":{"name":"(anonymous_51)","decl":{"start":{"line":176,"column":21},"end":{"line":176,"column":22}},"loc":{"start":{"line":176,"column":34},"end":{"line":178,"column":13}},"line":176}},"branchMap":{"0":{"loc":{"start":{"line":2,"column":16},"end":{"line":10,"column":1}},"type":"binary-expr","locations":[{"start":{"line":2,"column":17},"end":{"line":2,"column":21}},{"start":{"line":2,"column":25},"end":{"line":2,"column":39}},{"start":{"line":2,"column":44},"end":{"line":10,"column":1}}],"line":2},"1":{"loc":{"start":{"line":3,"column":35},"end":{"line":3,"column":109}},"type":"cond-expr","locations":[{"start":{"line":3,"column":56},"end":{"line":3,"column":61}},{"start":{"line":3,"column":64},"end":{"line":3,"column":109}}],"line":3},"2":{"loc":{"start":{"line":4,"column":16},"end":{"line":4,"column":34}},"type":"binary-expr","locations":[{"start":{"line":4,"column":16},"end":{"line":4,"column":17}},{"start":{"line":4,"column":22},"end":{"line":4,"column":33}}],"line":4},"3":{"loc":{"start":{"line":7,"column":32},"end":{"line":7,"column":115}},"type":"cond-expr","locations":[{"start":{"line":7,"column":46},"end":{"line":7,"column":67}},{"start":{"line":7,"column":70},"end":{"line":7,"column":115}}],"line":7},"4":{"loc":{"start":{"line":8,"column":51},"end":{"line":8,"column":67}},"type":"binary-expr","locations":[{"start":{"line":8,"column":51},"end":{"line":8,"column":61}},{"start":{"line":8,"column":65},"end":{"line":8,"column":67}}],"line":8},"5":{"loc":{"start":{"line":11,"column":18},"end":{"line":37,"column":1}},"type":"binary-expr","locations":[{"start":{"line":11,"column":19},"end":{"line":11,"column":23}},{"start":{"line":11,"column":27},"end":{"line":11,"column":43}},{"start":{"line":11,"column":48},"end":{"line":37,"column":1}}],"line":11},"6":{"loc":{"start":{"line":12,"column":43},"end":{"line":12,"column":68}},"type":"if","locations":[{"start":{"line":12,"column":43},"end":{"line":12,"column":68}},{"start":{"line":12,"column":43},"end":{"line":12,"column":68}}],"line":12},"7":{"loc":{"start":{"line":13,"column":71},"end":{"line":13,"column":153}},"type":"binary-expr","locations":[{"start":{"line":13,"column":71},"end":{"line":13,"column":99}},{"start":{"line":13,"column":104},"end":{"line":13,"column":152}}],"line":13},"8":{"loc":{"start":{"line":16,"column":8},"end":{"line":16,"column":70}},"type":"if","locations":[{"start":{"line":16,"column":8},"end":{"line":16,"column":70}},{"start":{"line":16,"column":8},"end":{"line":16,"column":70}}],"line":16},"9":{"loc":{"start":{"line":18,"column":12},"end":{"line":18,"column":169}},"type":"if","locations":[{"start":{"line":18,"column":12},"end":{"line":18,"column":169}},{"start":{"line":18,"column":12},"end":{"line":18,"column":169}}],"line":18},"10":{"loc":{"start":{"line":18,"column":23},"end":{"line":18,"column":158}},"type":"binary-expr","locations":[{"start":{"line":18,"column":23},"end":{"line":18,"column":24}},{"start":{"line":18,"column":29},"end":{"line":18,"column":125}},{"start":{"line":18,"column":130},"end":{"line":18,"column":158}}],"line":18},"11":{"loc":{"start":{"line":18,"column":33},"end":{"line":18,"column":125}},"type":"cond-expr","locations":[{"start":{"line":18,"column":45},"end":{"line":18,"column":56}},{"start":{"line":18,"column":59},"end":{"line":18,"column":125}}],"line":18},"12":{"loc":{"start":{"line":18,"column":59},"end":{"line":18,"column":125}},"type":"cond-expr","locations":[{"start":{"line":18,"column":67},"end":{"line":18,"column":116}},{"start":{"line":18,"column":119},"end":{"line":18,"column":125}}],"line":18},"13":{"loc":{"start":{"line":18,"column":67},"end":{"line":18,"column":116}},"type":"binary-expr","locations":[{"start":{"line":18,"column":67},"end":{"line":18,"column":77}},{"start":{"line":18,"column":82},"end":{"line":18,"column":115}}],"line":18},"14":{"loc":{"start":{"line":18,"column":82},"end":{"line":18,"column":112}},"type":"binary-expr","locations":[{"start":{"line":18,"column":83},"end":{"line":18,"column":98}},{"start":{"line":18,"column":103},"end":{"line":18,"column":112}}],"line":18},"15":{"loc":{"start":{"line":19,"column":12},"end":{"line":19,"column":52}},"type":"if","locations":[{"start":{"line":19,"column":12},"end":{"line":19,"column":52}},{"start":{"line":19,"column":12},"end":{"line":19,"column":52}}],"line":19},"16":{"loc":{"start":{"line":20,"column":12},"end":{"line":32,"column":13}},"type":"switch","locations":[{"start":{"line":21,"column":16},"end":{"line":21,"column":23}},{"start":{"line":21,"column":24},"end":{"line":21,"column":46}},{"start":{"line":22,"column":16},"end":{"line":22,"column":72}},{"start":{"line":23,"column":16},"end":{"line":23,"column":65}},{"start":{"line":24,"column":16},"end":{"line":24,"column":65}},{"start":{"line":25,"column":16},"end":{"line":31,"column":43}}],"line":20},"17":{"loc":{"start":{"line":26,"column":20},"end":{"line":26,"column":128}},"type":"if","locations":[{"start":{"line":26,"column":20},"end":{"line":26,"column":128}},{"start":{"line":26,"column":20},"end":{"line":26,"column":128}}],"line":26},"18":{"loc":{"start":{"line":26,"column":24},"end":{"line":26,"column":106}},"type":"binary-expr","locations":[{"start":{"line":26,"column":24},"end":{"line":26,"column":74}},{"start":{"line":26,"column":79},"end":{"line":26,"column":90}},{"start":{"line":26,"column":94},"end":{"line":26,"column":105}}],"line":26},"19":{"loc":{"start":{"line":26,"column":42},"end":{"line":26,"column":73}},"type":"binary-expr","locations":[{"start":{"line":26,"column":42},"end":{"line":26,"column":54}},{"start":{"line":26,"column":58},"end":{"line":26,"column":73}}],"line":26},"20":{"loc":{"start":{"line":27,"column":20},"end":{"line":27,"column":106}},"type":"if","locations":[{"start":{"line":27,"column":20},"end":{"line":27,"column":106}},{"start":{"line":27,"column":20},"end":{"line":27,"column":106}}],"line":27},"21":{"loc":{"start":{"line":27,"column":24},"end":{"line":27,"column":77}},"type":"binary-expr","locations":[{"start":{"line":27,"column":24},"end":{"line":27,"column":35}},{"start":{"line":27,"column":40},"end":{"line":27,"column":42}},{"start":{"line":27,"column":47},"end":{"line":27,"column":59}},{"start":{"line":27,"column":63},"end":{"line":27,"column":75}}],"line":27},"22":{"loc":{"start":{"line":28,"column":20},"end":{"line":28,"column":89}},"type":"if","locations":[{"start":{"line":28,"column":20},"end":{"line":28,"column":89}},{"start":{"line":28,"column":20},"end":{"line":28,"column":89}}],"line":28},"23":{"loc":{"start":{"line":28,"column":24},"end":{"line":28,"column":53}},"type":"binary-expr","locations":[{"start":{"line":28,"column":24},"end":{"line":28,"column":35}},{"start":{"line":28,"column":39},"end":{"line":28,"column":53}}],"line":28},"24":{"loc":{"start":{"line":29,"column":20},"end":{"line":29,"column":87}},"type":"if","locations":[{"start":{"line":29,"column":20},"end":{"line":29,"column":87}},{"start":{"line":29,"column":20},"end":{"line":29,"column":87}}],"line":29},"25":{"loc":{"start":{"line":29,"column":24},"end":{"line":29,"column":43}},"type":"binary-expr","locations":[{"start":{"line":29,"column":24},"end":{"line":29,"column":25}},{"start":{"line":29,"column":29},"end":{"line":29,"column":43}}],"line":29},"26":{"loc":{"start":{"line":30,"column":20},"end":{"line":30,"column":42}},"type":"if","locations":[{"start":{"line":30,"column":20},"end":{"line":30,"column":42}},{"start":{"line":30,"column":20},"end":{"line":30,"column":42}}],"line":30},"27":{"loc":{"start":{"line":35,"column":8},"end":{"line":35,"column":35}},"type":"if","locations":[{"start":{"line":35,"column":8},"end":{"line":35,"column":35}},{"start":{"line":35,"column":8},"end":{"line":35,"column":35}}],"line":35},"28":{"loc":{"start":{"line":35,"column":52},"end":{"line":35,"column":74}},"type":"cond-expr","locations":[{"start":{"line":35,"column":60},"end":{"line":35,"column":65}},{"start":{"line":35,"column":68},"end":{"line":35,"column":74}}],"line":35},"29":{"loc":{"start":{"line":38,"column":22},"end":{"line":40,"column":1}},"type":"binary-expr","locations":[{"start":{"line":38,"column":23},"end":{"line":38,"column":27}},{"start":{"line":38,"column":31},"end":{"line":38,"column":51}},{"start":{"line":38,"column":56},"end":{"line":40,"column":1}}],"line":38},"30":{"loc":{"start":{"line":39,"column":11},"end":{"line":39,"column":61}},"type":"cond-expr","locations":[{"start":{"line":39,"column":37},"end":{"line":39,"column":40}},{"start":{"line":39,"column":43},"end":{"line":39,"column":61}}],"line":39},"31":{"loc":{"start":{"line":39,"column":12},"end":{"line":39,"column":33}},"type":"binary-expr","locations":[{"start":{"line":39,"column":12},"end":{"line":39,"column":15}},{"start":{"line":39,"column":19},"end":{"line":39,"column":33}}],"line":39},"32":{"loc":{"start":{"line":52,"column":16},"end":{"line":61,"column":17}},"type":"switch","locations":[{"start":{"line":53,"column":20},"end":{"line":53,"column":79}},{"start":{"line":54,"column":20},"end":{"line":57,"column":66}},{"start":{"line":58,"column":20},"end":{"line":60,"column":46}}],"line":52},"33":{"loc":{"start":{"line":68,"column":16},"end":{"line":76,"column":17}},"type":"switch","locations":[{"start":{"line":69,"column":20},"end":{"line":69,"column":70}},{"start":{"line":70,"column":20},"end":{"line":72,"column":58}},{"start":{"line":73,"column":20},"end":{"line":75,"column":46}}],"line":68},"34":{"loc":{"start":{"line":83,"column":16},"end":{"line":88,"column":17}},"type":"switch","locations":[{"start":{"line":84,"column":20},"end":{"line":84,"column":70}},{"start":{"line":85,"column":20},"end":{"line":87,"column":46}}],"line":83},"35":{"loc":{"start":{"line":100,"column":33},"end":{"line":100,"column":88}},"type":"cond-expr","locations":[{"start":{"line":100,"column":81},"end":{"line":100,"column":83}},{"start":{"line":100,"column":86},"end":{"line":100,"column":88}}],"line":100},"36":{"loc":{"start":{"line":100,"column":33},"end":{"line":100,"column":78}},"type":"binary-expr","locations":[{"start":{"line":100,"column":33},"end":{"line":100,"column":61}},{"start":{"line":100,"column":65},"end":{"line":100,"column":78}}],"line":100}},"s":{"0":1,"1":9,"2":0,"3":7,"4":9,"5":9,"6":0,"7":0,"8":0,"9":0,"10":16,"11":7,"12":1,"13":7,"14":9,"15":0,"16":9,"17":7,"18":0,"19":21,"20":16,"21":16,"22":0,"23":16,"24":32,"25":32,"26":0,"27":32,"28":0,"29":32,"30":16,"31":16,"32":9,"33":9,"34":0,"35":0,"36":0,"37":0,"38":0,"39":0,"40":0,"41":7,"42":7,"43":7,"44":0,"45":0,"46":0,"47":0,"48":0,"49":0,"50":0,"51":0,"52":0,"53":0,"54":0,"55":0,"56":0,"57":0,"58":0,"59":16,"60":0,"61":0,"62":32,"63":7,"64":0,"65":7,"66":1,"67":1,"68":1,"69":1,"70":1,"71":1,"72":1,"73":1,"74":1,"75":1,"76":1,"77":3,"78":1,"79":1,"80":1,"81":1,"82":1,"83":1,"84":1,"85":1,"86":1,"87":3,"88":1,"89":1,"90":1,"91":1,"92":1,"93":1,"94":5,"95":5,"96":10,"97":5,"98":5,"99":5,"100":1,"101":1,"102":1,"103":1,"104":1,"105":1,"106":1,"107":1,"108":1,"109":1,"110":0,"111":0,"112":1,"113":1,"114":1,"115":1,"116":1,"117":1,"118":1,"119":1,"120":1,"121":1,"122":1,"123":1,"124":0,"125":0,"126":1,"127":1,"128":1,"129":1,"130":1,"131":1,"132":1,"133":1,"134":0,"135":1,"136":1,"137":1,"138":1,"139":1,"140":1,"141":1,"142":1,"143":1,"144":1,"145":0,"146":0,"147":1,"148":1,"149":1,"150":1,"151":1,"152":1,"153":1,"154":1,"155":1,"156":0,"157":0},"f":{"0":7,"1":9,"2":0,"3":7,"4":9,"5":0,"6":16,"7":7,"8":9,"9":0,"10":21,"11":16,"12":16,"13":1,"14":1,"15":1,"16":1,"17":3,"18":1,"19":1,"20":3,"21":5,"22":5,"23":10,"24":1,"25":1,"26":1,"27":1,"28":0,"29":0,"30":1,"31":1,"32":1,"33":1,"34":0,"35":0,"36":1,"37":1,"38":1,"39":0,"40":1,"41":1,"42":1,"43":1,"44":0,"45":0,"46":1,"47":1,"48":1,"49":1,"50":0,"51":0},"b":{"0":[1,1,1],"1":[9,0],"2":[7,7],"3":[7,9],"4":[7,7],"5":[1,1,1],"6":[0,9],"7":[7,7],"8":[0,16],"9":[0,32],"10":[32,0,0],"11":[0,0],"12":[0,0],"13":[0,0],"14":[0,0],"15":[0,32],"16":[16,16,9,0,0,7],"17":[7,0],"18":[7,7,7],"19":[7,0],"20":[0,0],"21":[0,0,0,0],"22":[0,0],"23":[0,0],"24":[0,0],"25":[0,0],"26":[0,0],"27":[0,7],"28":[7,0],"29":[1,1,1],"30":[1,0],"31":[1,1],"32":[1,1,1],"33":[1,1,1],"34":[5,5],"35":[1,0],"36":[1,1]},"inputSourceMap":{"version":3,"file":"C:\\Users\\kuldeep.chopra\\Desktop\\Work\\gateKeeper\\gatekeeper_second\\src\\test\\integration\\db\\file_entity.spec.ts","sources":["C:\\Users\\kuldeep.chopra\\Desktop\\Work\\gateKeeper\\gatekeeper_second\\src\\test\\integration\\db\\file_entity.spec.ts"],"names":[],"mappings":";;;;;;;;;;;;;;;;;;;;;;;;;;;;;;;;;;;;;;;;;AAAA,6BAA8B;AAC9B,iBAAe;AAEf,4EAA6C;AAC7C,6CAA2C;AAE3C,QAAQ,CAAC,sCAAsC,EAAE;IAC7C,IAAI,GAAe,CAAC;IACpB,IAAI,QAA0B,CAAC;IAC/B,MAAM,CAAC;;;;4BACG,qBAAM,4BAAU,EAAA;;wBAAtB,GAAG,GAAG,SAAgB,CAAC;wBACvB,QAAQ,GAAG,GAAG,CAAC,aAAa,CAAC,WAAI,CAAC,CAAC;wBACnC,qBAAM,QAAQ,CAAC,MAAM,CAAC,EAAE,CAAC,EAAA;;wBAAzB,SAAyB,CAAC;;;;;KAC7B,CAAC,CAAA;IAEF,KAAK,CAAC;;;;4BACF,qBAAM,QAAQ,CAAC,MAAM,CAAC,EAAE,CAAC,EAAA;;wBAAzB,SAAyB,CAAC;wBAC1B,qBAAM,GAAG,CAAC,KAAK,EAAE,EAAA;;wBAAjB,SAAiB,CAAC;;;;;KACrB,CAAC,CAAC;IAGH,UAAU,CAAC;;;;4BACP,qBAAM,QAAQ,CAAC,MAAM,CAAC,EAAE,CAAC,EAAA;;wBAAzB,SAAyB,CAAC;;;;;KAC3B,CAAC,CAAC;IAGH,QAAQ,CAAC,UAAU,EAAE;QACnB,EAAE,CAAC,UAAU,EAAE,UAAC,IAAI;YAChB,IAAI,IAAI,GAAG,IAAI,WAAI,EAAE,CAAC;YACtB,IAAI,CAAC,MAAM,GAAG,OAAO,CAAC;YACtB,IAAI,CAAC,gBAAgB,GAAG,GAAG,CAAC;YAC5B,QAAQ,CAAC,IAAI,CAAC,IAAI,CAAC,CAAC,IAAI,CAAC,UAAA,QAAQ;gBAC7B,QAAQ,CAAC,OAAO,CAAC,EAAC,MAAM,EAAE,OAAO,EAAC,CAAC,CAAC,IAAI,CAAC,UAAC,KAAS;;oBAC/C,IAAI,MAAM,SAAG,KAAK,CAAC,MAAM,mCAAI,EAAE,CAAC;oBACjC,aAAM,CAAC,MAAM,CAAC,CAAC,EAAE,CAAC,KAAK,CAAC,OAAO,CAAC,CAAC;oBAChC,IAAI,EAAE,CAAC;gBACX,CAAC,CAAC,CAAC,KAAK,CAAC,UAAC,CAAK;oBACX,IAAI,CAAC,CAAC,CAAC,CAAC;gBACZ,CAAC,CAAC,CAAC;YACP,CAAC,CAAC,CAAC,KAAK,CAAC,UAAC,CAAK;gBACX,IAAI,CAAC,CAAC,CAAC,CAAC;YACZ,CAAC,CAAC,CAAC;YAAA,CAAC;QAER,CAAC,CAAC,CAAC;IACP,CAAC,CAAC,CAAA;IAGF,QAAQ,CAAC,OAAO,EAAE;QACd,EAAE,CAAC,WAAW,EAAE,UAAC,IAAI;YACjB,IAAI,IAAI,GAAG,IAAI,WAAI,EAAE,CAAC;YACtB,IAAI,CAAC,MAAM,GAAG,OAAO,CAAC;YACtB,IAAI,CAAC,gBAAgB,GAAG,GAAG,CAAC;YAC5B,IAAI,KAAK,GAAG,IAAI,WAAI,EAAE,CAAC;YACvB,KAAK,CAAC,MAAM,GAAG,OAAO,CAAC;YACvB,KAAK,CAAC,gBAAgB,GAAG,GAAG,CAAC;YAC7B,QAAQ,CAAC,IAAI,CAAC,CAAC,IAAI,EAAE,KAAK,CAAC,CAAC,CAAC,IAAI,CAAC,UAAA,QAAQ;gBACtC,QAAQ,CAAC,IAAI,CAAC,EAAE,CAAC,CAAC,IAAI,CAAC,UAAA,KAAK;oBACxB,aAAM,CAAC,KAAK,CAAC,MAAM,CAAC,CAAC,EAAE,CAAC,KAAK,CAAC,CAAC,CAAC,CAAC;oBACjC,IAAI,EAAE,CAAC;gBACX,CAAC,CAAC,CAAC,KAAK,CAAC,UAAA,CAAC;oBACN,IAAI,CAAC,CAAC,CAAC,CAAC;gBACZ,CAAC,CAAC,CAAC;YACP,CAAC,CAAC,CAAC,KAAK,CAAC,UAAA,CAAC;gBACN,IAAI,CAAC,CAAC,CAAC,CAAC;YACZ,CAAC,CAAC,CAAC;YAAA,CAAC;QAER,CAAC,CAAC,CAAC;IACP,CAAC,CAAC,CAAA;IAEF,QAAQ,CAAC,OAAO,EAAE;QACd,EAAE,CAAC,WAAW,EAAE,UAAC,IAAI;YACjB,IAAI,IAAI,GAAG,IAAI,WAAI,EAAE,CAAC;YACtB,IAAI,CAAC,MAAM,GAAG,OAAO,CAAC;YACtB,IAAI,CAAC,gBAAgB,GAAG,GAAG,CAAC;YAC5B,QAAQ,CAAC,IAAI,CAAC,IAAI,CAAC,CAAC,IAAI,CAAC,UAAA,QAAQ;gBAC7B,aAAM,CAAC,QAAQ,CAAC,MAAM,CAAC,CAAC,EAAE,CAAC,KAAK,CAAC,OAAO,CAAC,CAAC;gBAC1C,IAAI,EAAE,CAAC;YACX,CAAC,CAAC,CAAC,KAAK,CAAC,UAAA,CAAC;gBACN,IAAI,CAAC,CAAC,CAAC,CAAC;YACZ,CAAC,CAAC,CAAC;QACP,CAAC,CAAC,CAAC;IACP,CAAC,CAAC,CAAA;IAGF,QAAQ,CAAC,SAAS,EAAE;QAChB,EAAE,CAAC,aAAa,EAAE,UAAC,IAAI;YACnB,IAAI,IAAI,GAAG,IAAI,WAAI,EAAE,CAAC;YACtB,IAAI,CAAC,MAAM,GAAG,OAAO,CAAC;YACtB,IAAI,CAAC,gBAAgB,GAAG,GAAG,CAAC;YAC5B,QAAQ,CAAC,IAAI,CAAC,IAAI,CAAC,CAAC,IAAI,CAAC,UAAA,QAAQ;gBAC7B,QAAQ,CAAC,gBAAgB,GAAE,GAAG,CAAC;gBAC/B,QAAQ,CAAC,IAAI,CAAC,QAAQ,CAAC,CAAC,IAAI,CAAC,UAAA,MAAM;oBAC/B,aAAM,CAAC,MAAM,CAAC,gBAAgB,CAAC,CAAC,EAAE,CAAC,KAAK,CAAC,GAAG,CAAC,CAAC;oBAC9C,IAAI,EAAE,CAAC;gBACX,CAAC,CACA,CAAC,KAAK,CAAC,UAAA,CAAC;oBACL,IAAI,CAAC,CAAC,CAAC,CAAC;gBACZ,CAAC,CAAC,CAAC;YACP,CAAC,CAAC,CAAC,KAAK,CAAC,UAAA,CAAC;gBACN,IAAI,CAAC,CAAC,CAAC,CAAC;YACZ,CAAC,CAAC,CAAC;QACP,CAAC,CAAC,CAAC;IACP,CAAC,CAAC,CAAA;IAIF,QAAQ,CAAC,SAAS,EAAE;QAChB,EAAE,CAAC,aAAa,EAAE,UAAC,IAAI;YACnB,IAAI,IAAI,GAAG,IAAI,WAAI,EAAE,CAAC;YACtB,IAAI,CAAC,MAAM,GAAG,OAAO,CAAC;YACtB,IAAI,CAAC,gBAAgB,GAAG,GAAG,CAAC;YAC5B,QAAQ,CAAC,IAAI,CAAC,IAAI,CAAC,CAAC,IAAI,CAAC,UAAA,QAAQ;gBAC7B,QAAQ,CAAC,MAAM,CAAC,EAAC,MAAM,EAAE,OAAO,EAAC,CAAC,CAAC,IAAI,CAAC,UAAC,KAAkB;oBACvD,aAAM,CAAC,KAAK,CAAC,QAAQ,CAAC,CAAC,EAAE,CAAC,KAAK,CAAC,CAAC,CAAC,CAAC;oBACnC,IAAI,EAAE,CAAC;gBACX,CAAC,CAAC,CAAC,KAAK,CAAC,UAAA,CAAC;oBACN,IAAI,CAAC,CAAC,CAAC,CAAC;gBACZ,CAAC,CAAC,CAAC;YACP,CAAC,CAAC,CAAC,KAAK,CAAC,UAAA,CAAC;gBACN,IAAI,CAAC,CAAC,CAAC,CAAC;YACZ,CAAC,CAAC,CAAC;YAAA,CAAC;QAER,CAAC,CAAC,CAAC;IACP,CAAC,CAAC,CAAA;AAIN,CAAC,CAAC,CAAA","sourcesContent":["import { expect } from 'chai';\r\nimport 'mocha';\r\nimport {Connection, Repository, DeleteResult } from 'typeorm';\r\nimport connection from \"./test-db-connection\"\r\nimport { File } from \"../../../entity/file\"\r\n\r\ndescribe(\"Data Base Connection and entity Test\", () => {\r\n    let con: Connection;\r\n    let fileRepo: Repository<File>;\r\n    before(async function () {\r\n        con = await connection;\r\n        fileRepo = con.getRepository(File);\r\n        await fileRepo.delete({});\r\n    })\r\n\r\n    after(async function () {\r\n        await fileRepo.delete({});\r\n        await con.close();\r\n    });\r\n\r\n\r\n    beforeEach(async function() {\r\n        await fileRepo.delete({});\r\n      });\r\n\r\n\r\n      describe(\"#findOne\", () => {\r\n        it('Get File', (done) => {\r\n            let file = new File();\r\n            file.FileId = 'file1';\r\n            file.XWopiItemVersion = '1';\r\n            fileRepo.save(file).then(saveFile => {\r\n                fileRepo.findOne({FileId: 'file1'}).then((fileO:any) => {\r\n                    let fileId = fileO.FileId ?? '';\r\n                   expect(fileId).to.equal('file1');\r\n                    done();\r\n                }).catch((e:any) => {\r\n                    done(e);\r\n                });\r\n            }).catch((e:any) => {\r\n                done(e);\r\n            });;\r\n\r\n        });\r\n    })\r\n\r\n\r\n    describe(\"#find\", () => {\r\n        it('Get Files', (done) => {\r\n            let file = new File();\r\n            file.FileId = 'file1';\r\n            file.XWopiItemVersion = '1';\r\n            let file2 = new File();\r\n            file2.FileId = 'file2';\r\n            file2.XWopiItemVersion = '1';\r\n            fileRepo.save([file, file2]).then(saveFile => {\r\n                fileRepo.find({}).then(files => {\r\n                    expect(files.length).to.equal(2);\r\n                    done();\r\n                }).catch(e => {\r\n                    done(e);\r\n                });\r\n            }).catch(e => {\r\n                done(e);\r\n            });;\r\n\r\n        });\r\n    })\r\n\r\n    describe(\"#save\", () => {\r\n        it('save file', (done) => {\r\n            let file = new File();\r\n            file.FileId = 'file1';\r\n            file.XWopiItemVersion = '1';\r\n            fileRepo.save(file).then(saveFile => {\r\n                expect(saveFile.FileId).to.equal('file1');\r\n                done();\r\n            }).catch(e => {\r\n                done(e);\r\n            });\r\n        });\r\n    })\r\n\r\n\r\n    describe(\"#update\", () => {\r\n        it('update file', (done) => {\r\n            let file = new File();\r\n            file.FileId = 'file1';\r\n            file.XWopiItemVersion = '1';\r\n            fileRepo.save(file).then(saveFile => {\r\n                saveFile.XWopiItemVersion ='2';\r\n                fileRepo.save(saveFile).then(upFile=> {\r\n                    expect(upFile.XWopiItemVersion).to.equal('2');\r\n                    done();\r\n                }\r\n                ).catch(e => {\r\n                    done(e);\r\n                });\r\n            }).catch(e => {\r\n                done(e);\r\n            });\r\n        });\r\n    })\r\n\r\n\r\n\r\n    describe(\"#Delete\", () => {\r\n        it('Delete File', (done) => {\r\n            let file = new File();\r\n            file.FileId = 'file1';\r\n            file.XWopiItemVersion = '1';\r\n            fileRepo.save(file).then(saveFile => {\r\n                fileRepo.delete({FileId: 'file1'}).then((files:DeleteResult) => {\r\n                    expect(files.affected).to.equal(1);\r\n                    done();\r\n                }).catch(e => {\r\n                    done(e);\r\n                });\r\n            }).catch(e => {\r\n                done(e);\r\n            });;\r\n\r\n        });\r\n    })\r\n\r\n\r\n\r\n})\r\n\r\n\r\n\r\n\r\n\r\n"]},"_coverageSchema":"1a1c01bbd47fc00a2c39e90264f33305004495a9","hash":"99f9cf3f213a2ff2a1f09d19d65a2f9f8ed3260d","contentHash":"41306f79c04f9ff95c3401194ead8e0ecb57185a1532a7182aa9828bcd7785e7"},"C:\\Users\\kuldeep.chopra\\Desktop\\Work\\gateKeeper\\gatekeeper_second\\src\\test\\integration\\db\\test-db-connection.ts":{"path":"C:\\Users\\kuldeep.chopra\\Desktop\\Work\\gateKeeper\\gatekeeper_second\\src\\test\\integration\\db\\test-db-connection.ts","statementMap":{"0":{"start":{"line":2,"column":16},"end":{"line":10,"column":1}},"1":{"start":{"line":3,"column":28},"end":{"line":3,"column":110}},"2":{"start":{"line":3,"column":91},"end":{"line":3,"column":106}},"3":{"start":{"line":4,"column":4},"end":{"line":9,"column":7}},"4":{"start":{"line":5,"column":36},"end":{"line":5,"column":97}},"5":{"start":{"line":5,"column":42},"end":{"line":5,"column":70}},"6":{"start":{"line":5,"column":85},"end":{"line":5,"column":95}},"7":{"start":{"line":6,"column":35},"end":{"line":6,"column":100}},"8":{"start":{"line":6,"column":41},"end":{"line":6,"column":73}},"9":{"start":{"line":6,"column":88},"end":{"line":6,"column":98}},"10":{"start":{"line":7,"column":32},"end":{"line":7,"column":116}},"11":{"start":{"line":8,"column":8},"end":{"line":8,"column":78}},"12":{"start":{"line":11,"column":18},"end":{"line":37,"column":1}},"13":{"start":{"line":12,"column":12},"end":{"line":12,"column":104}},"14":{"start":{"line":12,"column":43},"end":{"line":12,"column":68}},"15":{"start":{"line":12,"column":57},"end":{"line":12,"column":68}},"16":{"start":{"line":12,"column":69},"end":{"line":12,"column":81}},"17":{"start":{"line":13,"column":4},"end":{"line":13,"column":157}},"18":{"start":{"line":13,"column":138},"end":{"line":13,"column":150}},"19":{"start":{"line":14,"column":23},"end":{"line":14,"column":68}},"20":{"start":{"line":14,"column":45},"end":{"line":14,"column":65}},"21":{"start":{"line":16,"column":8},"end":{"line":16,"column":70}},"22":{"start":{"line":16,"column":15},"end":{"line":16,"column":70}},"23":{"start":{"line":17,"column":8},"end":{"line":34,"column":66}},"24":{"start":{"line":17,"column":18},"end":{"line":34,"column":66}},"25":{"start":{"line":18,"column":12},"end":{"line":18,"column":169}},"26":{"start":{"line":18,"column":160},"end":{"line":18,"column":169}},"27":{"start":{"line":19,"column":12},"end":{"line":19,"column":52}},"28":{"start":{"line":19,"column":26},"end":{"line":19,"column":52}},"29":{"start":{"line":20,"column":12},"end":{"line":32,"column":13}},"30":{"start":{"line":21,"column":32},"end":{"line":21,"column":39}},"31":{"start":{"line":21,"column":40},"end":{"line":21,"column":46}},"32":{"start":{"line":22,"column":24},"end":{"line":22,"column":34}},"33":{"start":{"line":22,"column":35},"end":{"line":22,"column":72}},"34":{"start":{"line":23,"column":24},"end":{"line":23,"column":34}},"35":{"start":{"line":23,"column":35},"end":{"line":23,"column":45}},"36":{"start":{"line":23,"column":46},"end":{"line":23,"column":55}},"37":{"start":{"line":23,"column":56},"end":{"line":23,"column":65}},"38":{"start":{"line":24,"column":24},"end":{"line":24,"column":41}},"39":{"start":{"line":24,"column":42},"end":{"line":24,"column":55}},"40":{"start":{"line":24,"column":56},"end":{"line":24,"column":65}},"41":{"start":{"line":26,"column":20},"end":{"line":26,"column":128}},"42":{"start":{"line":26,"column":110},"end":{"line":26,"column":116}},"43":{"start":{"line":26,"column":117},"end":{"line":26,"column":126}},"44":{"start":{"line":27,"column":20},"end":{"line":27,"column":106}},"45":{"start":{"line":27,"column":81},"end":{"line":27,"column":97}},"46":{"start":{"line":27,"column":98},"end":{"line":27,"column":104}},"47":{"start":{"line":28,"column":20},"end":{"line":28,"column":89}},"48":{"start":{"line":28,"column":57},"end":{"line":28,"column":72}},"49":{"start":{"line":28,"column":73},"end":{"line":28,"column":80}},"50":{"start":{"line":28,"column":81},"end":{"line":28,"column":87}},"51":{"start":{"line":29,"column":20},"end":{"line":29,"column":87}},"52":{"start":{"line":29,"column":47},"end":{"line":29,"column":62}},"53":{"start":{"line":29,"column":63},"end":{"line":29,"column":78}},"54":{"start":{"line":29,"column":79},"end":{"line":29,"column":85}},"55":{"start":{"line":30,"column":20},"end":{"line":30,"column":42}},"56":{"start":{"line":30,"column":30},"end":{"line":30,"column":42}},"57":{"start":{"line":31,"column":20},"end":{"line":31,"column":33}},"58":{"start":{"line":31,"column":34},"end":{"line":31,"column":43}},"59":{"start":{"line":33,"column":12},"end":{"line":33,"column":39}},"60":{"start":{"line":34,"column":22},"end":{"line":34,"column":34}},"61":{"start":{"line":34,"column":35},"end":{"line":34,"column":41}},"62":{"start":{"line":34,"column":54},"end":{"line":34,"column":64}},"63":{"start":{"line":35,"column":8},"end":{"line":35,"column":35}},"64":{"start":{"line":35,"column":23},"end":{"line":35,"column":35}},"65":{"start":{"line":35,"column":36},"end":{"line":35,"column":89}},"66":{"start":{"line":38,"column":0},"end":{"line":38,"column":62}},"67":{"start":{"line":39,"column":16},"end":{"line":39,"column":34}},"68":{"start":{"line":40,"column":13},"end":{"line":40,"column":44}},"69":{"start":{"line":41,"column":17},"end":{"line":62,"column":2}},"70":{"start":{"line":42,"column":4},"end":{"line":61,"column":7}},"71":{"start":{"line":49,"column":36},"end":{"line":59,"column":7}},"72":{"start":{"line":50,"column":8},"end":{"line":58,"column":11}},"73":{"start":{"line":51,"column":12},"end":{"line":57,"column":13}},"74":{"start":{"line":52,"column":24},"end":{"line":52,"column":71}},"75":{"start":{"line":54,"column":20},"end":{"line":54,"column":30}},"76":{"start":{"line":55,"column":20},"end":{"line":55,"column":36}},"77":{"start":{"line":56,"column":20},"end":{"line":56,"column":42}},"78":{"start":{"line":60,"column":8},"end":{"line":60,"column":19}},"79":{"start":{"line":63,"column":0},"end":{"line":63,"column":29}}},"fnMap":{"0":{"name":"(anonymous_0)","decl":{"start":{"line":2,"column":44},"end":{"line":2,"column":45}},"loc":{"start":{"line":2,"column":89},"end":{"line":10,"column":1}},"line":2},"1":{"name":"adopt","decl":{"start":{"line":3,"column":13},"end":{"line":3,"column":18}},"loc":{"start":{"line":3,"column":26},"end":{"line":3,"column":112}},"line":3},"2":{"name":"(anonymous_2)","decl":{"start":{"line":3,"column":70},"end":{"line":3,"column":71}},"loc":{"start":{"line":3,"column":89},"end":{"line":3,"column":108}},"line":3},"3":{"name":"(anonymous_3)","decl":{"start":{"line":4,"column":36},"end":{"line":4,"column":37}},"loc":{"start":{"line":4,"column":63},"end":{"line":9,"column":5}},"line":4},"4":{"name":"fulfilled","decl":{"start":{"line":5,"column":17},"end":{"line":5,"column":26}},"loc":{"start":{"line":5,"column":34},"end":{"line":5,"column":99}},"line":5},"5":{"name":"rejected","decl":{"start":{"line":6,"column":17},"end":{"line":6,"column":25}},"loc":{"start":{"line":6,"column":33},"end":{"line":6,"column":102}},"line":6},"6":{"name":"step","decl":{"start":{"line":7,"column":17},"end":{"line":7,"column":21}},"loc":{"start":{"line":7,"column":30},"end":{"line":7,"column":118}},"line":7},"7":{"name":"(anonymous_7)","decl":{"start":{"line":11,"column":48},"end":{"line":11,"column":49}},"loc":{"start":{"line":11,"column":73},"end":{"line":37,"column":1}},"line":11},"8":{"name":"(anonymous_8)","decl":{"start":{"line":12,"column":30},"end":{"line":12,"column":31}},"loc":{"start":{"line":12,"column":41},"end":{"line":12,"column":83}},"line":12},"9":{"name":"(anonymous_9)","decl":{"start":{"line":13,"column":125},"end":{"line":13,"column":126}},"loc":{"start":{"line":13,"column":136},"end":{"line":13,"column":152}},"line":13},"10":{"name":"verb","decl":{"start":{"line":14,"column":13},"end":{"line":14,"column":17}},"loc":{"start":{"line":14,"column":21},"end":{"line":14,"column":70}},"line":14},"11":{"name":"(anonymous_11)","decl":{"start":{"line":14,"column":30},"end":{"line":14,"column":31}},"loc":{"start":{"line":14,"column":43},"end":{"line":14,"column":67}},"line":14},"12":{"name":"step","decl":{"start":{"line":15,"column":13},"end":{"line":15,"column":17}},"loc":{"start":{"line":15,"column":22},"end":{"line":36,"column":5}},"line":15},"13":{"name":"(anonymous_13)","decl":{"start":{"line":41,"column":29},"end":{"line":41,"column":30}},"loc":{"start":{"line":41,"column":49},"end":{"line":62,"column":1}},"line":41},"14":{"name":"(anonymous_14)","decl":{"start":{"line":49,"column":12},"end":{"line":49,"column":13}},"loc":{"start":{"line":49,"column":34},"end":{"line":59,"column":9}},"line":49},"15":{"name":"(anonymous_15)","decl":{"start":{"line":49,"column":77},"end":{"line":49,"column":78}},"loc":{"start":{"line":49,"column":89},"end":{"line":59,"column":5}},"line":49},"16":{"name":"(anonymous_16)","decl":{"start":{"line":50,"column":33},"end":{"line":50,"column":34}},"loc":{"start":{"line":50,"column":47},"end":{"line":58,"column":9}},"line":50},"17":{"name":"(anonymous_17)","decl":{"start":{"line":59,"column":17},"end":{"line":59,"column":18}},"loc":{"start":{"line":59,"column":34},"end":{"line":61,"column":5}},"line":59}},"branchMap":{"0":{"loc":{"start":{"line":2,"column":16},"end":{"line":10,"column":1}},"type":"binary-expr","locations":[{"start":{"line":2,"column":17},"end":{"line":2,"column":21}},{"start":{"line":2,"column":25},"end":{"line":2,"column":39}},{"start":{"line":2,"column":44},"end":{"line":10,"column":1}}],"line":2},"1":{"loc":{"start":{"line":3,"column":35},"end":{"line":3,"column":109}},"type":"cond-expr","locations":[{"start":{"line":3,"column":56},"end":{"line":3,"column":61}},{"start":{"line":3,"column":64},"end":{"line":3,"column":109}}],"line":3},"2":{"loc":{"start":{"line":4,"column":16},"end":{"line":4,"column":34}},"type":"binary-expr","locations":[{"start":{"line":4,"column":16},"end":{"line":4,"column":17}},{"start":{"line":4,"column":22},"end":{"line":4,"column":33}}],"line":4},"3":{"loc":{"start":{"line":7,"column":32},"end":{"line":7,"column":115}},"type":"cond-expr","locations":[{"start":{"line":7,"column":46},"end":{"line":7,"column":67}},{"start":{"line":7,"column":70},"end":{"line":7,"column":115}}],"line":7},"4":{"loc":{"start":{"line":8,"column":51},"end":{"line":8,"column":67}},"type":"binary-expr","locations":[{"start":{"line":8,"column":51},"end":{"line":8,"column":61}},{"start":{"line":8,"column":65},"end":{"line":8,"column":67}}],"line":8},"5":{"loc":{"start":{"line":11,"column":18},"end":{"line":37,"column":1}},"type":"binary-expr","locations":[{"start":{"line":11,"column":19},"end":{"line":11,"column":23}},{"start":{"line":11,"column":27},"end":{"line":11,"column":43}},{"start":{"line":11,"column":48},"end":{"line":37,"column":1}}],"line":11},"6":{"loc":{"start":{"line":12,"column":43},"end":{"line":12,"column":68}},"type":"if","locations":[{"start":{"line":12,"column":43},"end":{"line":12,"column":68}},{"start":{"line":12,"column":43},"end":{"line":12,"column":68}}],"line":12},"7":{"loc":{"start":{"line":13,"column":71},"end":{"line":13,"column":153}},"type":"binary-expr","locations":[{"start":{"line":13,"column":71},"end":{"line":13,"column":99}},{"start":{"line":13,"column":104},"end":{"line":13,"column":152}}],"line":13},"8":{"loc":{"start":{"line":16,"column":8},"end":{"line":16,"column":70}},"type":"if","locations":[{"start":{"line":16,"column":8},"end":{"line":16,"column":70}},{"start":{"line":16,"column":8},"end":{"line":16,"column":70}}],"line":16},"9":{"loc":{"start":{"line":18,"column":12},"end":{"line":18,"column":169}},"type":"if","locations":[{"start":{"line":18,"column":12},"end":{"line":18,"column":169}},{"start":{"line":18,"column":12},"end":{"line":18,"column":169}}],"line":18},"10":{"loc":{"start":{"line":18,"column":23},"end":{"line":18,"column":158}},"type":"binary-expr","locations":[{"start":{"line":18,"column":23},"end":{"line":18,"column":24}},{"start":{"line":18,"column":29},"end":{"line":18,"column":125}},{"start":{"line":18,"column":130},"end":{"line":18,"column":158}}],"line":18},"11":{"loc":{"start":{"line":18,"column":33},"end":{"line":18,"column":125}},"type":"cond-expr","locations":[{"start":{"line":18,"column":45},"end":{"line":18,"column":56}},{"start":{"line":18,"column":59},"end":{"line":18,"column":125}}],"line":18},"12":{"loc":{"start":{"line":18,"column":59},"end":{"line":18,"column":125}},"type":"cond-expr","locations":[{"start":{"line":18,"column":67},"end":{"line":18,"column":116}},{"start":{"line":18,"column":119},"end":{"line":18,"column":125}}],"line":18},"13":{"loc":{"start":{"line":18,"column":67},"end":{"line":18,"column":116}},"type":"binary-expr","locations":[{"start":{"line":18,"column":67},"end":{"line":18,"column":77}},{"start":{"line":18,"column":82},"end":{"line":18,"column":115}}],"line":18},"14":{"loc":{"start":{"line":18,"column":82},"end":{"line":18,"column":112}},"type":"binary-expr","locations":[{"start":{"line":18,"column":83},"end":{"line":18,"column":98}},{"start":{"line":18,"column":103},"end":{"line":18,"column":112}}],"line":18},"15":{"loc":{"start":{"line":19,"column":12},"end":{"line":19,"column":52}},"type":"if","locations":[{"start":{"line":19,"column":12},"end":{"line":19,"column":52}},{"start":{"line":19,"column":12},"end":{"line":19,"column":52}}],"line":19},"16":{"loc":{"start":{"line":20,"column":12},"end":{"line":32,"column":13}},"type":"switch","locations":[{"start":{"line":21,"column":16},"end":{"line":21,"column":23}},{"start":{"line":21,"column":24},"end":{"line":21,"column":46}},{"start":{"line":22,"column":16},"end":{"line":22,"column":72}},{"start":{"line":23,"column":16},"end":{"line":23,"column":65}},{"start":{"line":24,"column":16},"end":{"line":24,"column":65}},{"start":{"line":25,"column":16},"end":{"line":31,"column":43}}],"line":20},"17":{"loc":{"start":{"line":26,"column":20},"end":{"line":26,"column":128}},"type":"if","locations":[{"start":{"line":26,"column":20},"end":{"line":26,"column":128}},{"start":{"line":26,"column":20},"end":{"line":26,"column":128}}],"line":26},"18":{"loc":{"start":{"line":26,"column":24},"end":{"line":26,"column":106}},"type":"binary-expr","locations":[{"start":{"line":26,"column":24},"end":{"line":26,"column":74}},{"start":{"line":26,"column":79},"end":{"line":26,"column":90}},{"start":{"line":26,"column":94},"end":{"line":26,"column":105}}],"line":26},"19":{"loc":{"start":{"line":26,"column":42},"end":{"line":26,"column":73}},"type":"binary-expr","locations":[{"start":{"line":26,"column":42},"end":{"line":26,"column":54}},{"start":{"line":26,"column":58},"end":{"line":26,"column":73}}],"line":26},"20":{"loc":{"start":{"line":27,"column":20},"end":{"line":27,"column":106}},"type":"if","locations":[{"start":{"line":27,"column":20},"end":{"line":27,"column":106}},{"start":{"line":27,"column":20},"end":{"line":27,"column":106}}],"line":27},"21":{"loc":{"start":{"line":27,"column":24},"end":{"line":27,"column":77}},"type":"binary-expr","locations":[{"start":{"line":27,"column":24},"end":{"line":27,"column":35}},{"start":{"line":27,"column":40},"end":{"line":27,"column":42}},{"start":{"line":27,"column":47},"end":{"line":27,"column":59}},{"start":{"line":27,"column":63},"end":{"line":27,"column":75}}],"line":27},"22":{"loc":{"start":{"line":28,"column":20},"end":{"line":28,"column":89}},"type":"if","locations":[{"start":{"line":28,"column":20},"end":{"line":28,"column":89}},{"start":{"line":28,"column":20},"end":{"line":28,"column":89}}],"line":28},"23":{"loc":{"start":{"line":28,"column":24},"end":{"line":28,"column":53}},"type":"binary-expr","locations":[{"start":{"line":28,"column":24},"end":{"line":28,"column":35}},{"start":{"line":28,"column":39},"end":{"line":28,"column":53}}],"line":28},"24":{"loc":{"start":{"line":29,"column":20},"end":{"line":29,"column":87}},"type":"if","locations":[{"start":{"line":29,"column":20},"end":{"line":29,"column":87}},{"start":{"line":29,"column":20},"end":{"line":29,"column":87}}],"line":29},"25":{"loc":{"start":{"line":29,"column":24},"end":{"line":29,"column":43}},"type":"binary-expr","locations":[{"start":{"line":29,"column":24},"end":{"line":29,"column":25}},{"start":{"line":29,"column":29},"end":{"line":29,"column":43}}],"line":29},"26":{"loc":{"start":{"line":30,"column":20},"end":{"line":30,"column":42}},"type":"if","locations":[{"start":{"line":30,"column":20},"end":{"line":30,"column":42}},{"start":{"line":30,"column":20},"end":{"line":30,"column":42}}],"line":30},"27":{"loc":{"start":{"line":35,"column":8},"end":{"line":35,"column":35}},"type":"if","locations":[{"start":{"line":35,"column":8},"end":{"line":35,"column":35}},{"start":{"line":35,"column":8},"end":{"line":35,"column":35}}],"line":35},"28":{"loc":{"start":{"line":35,"column":52},"end":{"line":35,"column":74}},"type":"cond-expr","locations":[{"start":{"line":35,"column":60},"end":{"line":35,"column":65}},{"start":{"line":35,"column":68},"end":{"line":35,"column":74}}],"line":35},"29":{"loc":{"start":{"line":51,"column":12},"end":{"line":57,"column":13}},"type":"switch","locations":[{"start":{"line":52,"column":16},"end":{"line":52,"column":71}},{"start":{"line":53,"column":16},"end":{"line":56,"column":42}}],"line":51}},"s":{"0":1,"1":1,"2":0,"3":1,"4":1,"5":1,"6":0,"7":0,"8":0,"9":0,"10":2,"11":1,"12":1,"13":1,"14":1,"15":0,"16":1,"17":1,"18":0,"19":3,"20":2,"21":2,"22":0,"23":2,"24":4,"25":4,"26":0,"27":4,"28":0,"29":4,"30":2,"31":2,"32":1,"33":1,"34":0,"35":0,"36":0,"37":0,"38":0,"39":0,"40":0,"41":1,"42":1,"43":1,"44":0,"45":0,"46":0,"47":0,"48":0,"49":0,"50":0,"51":0,"52":0,"53":0,"54":0,"55":0,"56":0,"57":0,"58":0,"59":2,"60":0,"61":0,"62":4,"63":1,"64":0,"65":1,"66":1,"67":1,"68":1,"69":1,"70":1,"71":1,"72":1,"73":2,"74":1,"75":1,"76":1,"77":1,"78":0,"79":1},"f":{"0":1,"1":1,"2":0,"3":1,"4":1,"5":0,"6":2,"7":1,"8":1,"9":0,"10":3,"11":2,"12":2,"13":1,"14":1,"15":1,"16":2,"17":0},"b":{"0":[1,1,1],"1":[1,0],"2":[1,1],"3":[1,1],"4":[1,1],"5":[1,1,1],"6":[0,1],"7":[1,1],"8":[0,2],"9":[0,4],"10":[4,0,0],"11":[0,0],"12":[0,0],"13":[0,0],"14":[0,0],"15":[0,4],"16":[2,2,1,0,0,1],"17":[1,0],"18":[1,1,1],"19":[1,0],"20":[0,0],"21":[0,0,0,0],"22":[0,0],"23":[0,0],"24":[0,0],"25":[0,0],"26":[0,0],"27":[0,1],"28":[1,0],"29":[1,1]},"inputSourceMap":{"version":3,"file":"C:\\Users\\kuldeep.chopra\\Desktop\\Work\\gateKeeper\\gatekeeper_second\\src\\test\\integration\\db\\test-db-connection.ts","sources":["C:\\Users\\kuldeep.chopra\\Desktop\\Work\\gateKeeper\\gatekeeper_second\\src\\test\\integration\\db\\test-db-connection.ts"],"names":[],"mappings":";;;;;;;;;;;;;;;;;;;;;;;;;;;;;;;;;;;;;;AAAA,mCAAuD;AACvD,6CAA2C;AAG3C,IAAI,UAAU,GAAwB,IAAI,OAAO,CAAC,UAAC,GAAG,EAAC,GAAG;IACtD,0BAAgB,CAAC;QACjB,IAAI,EAAE,OAAO;QACb,IAAI,EAAE,cAAc;QACpB,QAAQ,EAAE,gBAAgB;QAC1B,QAAQ,EAAE,WAAW;QACrB,QAAQ,EAAE,YAAY;QACtB,QAAQ,EAAE,CAAC,WAAI,CAAC;KACjB,CAAC,CAAC,IAAI,CAAC,UAAO,UAAsB;;;wBACnC,qBAAM,UAAU,CAAC,WAAW,EAAE,EAAA;;oBAA9B,SAA8B,CAAC;oBAC/B,GAAG,CAAC,UAAU,CAAC,CAAC;;;;SAClB,CAAC,CAAC,KAAK,CAAC,UAAA,KAAK;QACV,GAAG,CAAC,KAAK,CAAC,CAAA;IACb,CAAC,CAAC,CAAC;AACL,CAAC,CAAC,CAAA;AAEF,kBAAe,UAAU,CAAC","sourcesContent":["import { createConnection, Connection } from 'typeorm';\r\nimport { File } from \"../../../entity/file\"\r\n\r\n\r\nlet connection : Promise<Connection>= new Promise((res,rej)=>{\r\n    createConnection({\r\n    type: \"mysql\",\r\n    host: \"192.168.0.14\",\r\n    username: \"kuldeep.chopra\",\r\n    password: \"Welcome@1\",\r\n    database: \"gatekeeper\",\r\n    entities: [File]\r\n  }).then(async (connection: Connection) => {\r\n    await connection.synchronize();\r\n    res(connection);\r\n }).catch(error => {\r\n     rej(error)\r\n  });\r\n})\r\n\r\nexport default connection;"]},"_coverageSchema":"1a1c01bbd47fc00a2c39e90264f33305004495a9","hash":"bfa7fd5a430125f610a0ac84708507bed0d3b2b0","contentHash":"6ff188210321b4de093651690bf386cc837478c89e96be9ccff00c8859a4d8d4"},"C:\\Users\\kuldeep.chopra\\Desktop\\Work\\gateKeeper\\gatekeeper_second\\src\\entity\\file.ts":{"path":"C:\\Users\\kuldeep.chopra\\Desktop\\Work\\gateKeeper\\gatekeeper_second\\src\\entity\\file.ts","statementMap":{"0":{"start":{"line":2,"column":17},"end":{"line":7,"column":1}},"1":{"start":{"line":3,"column":12},"end":{"line":3,"column":28}},"2":{"start":{"line":3,"column":34},"end":{"line":3,"column":125}},"3":{"start":{"line":4,"column":4},"end":{"line":5,"column":150}},"4":{"start":{"line":4,"column":79},"end":{"line":4,"column":131}},"5":{"start":{"line":5,"column":9},"end":{"line":5,"column":150}},"6":{"start":{"line":5,"column":22},"end":{"line":5,"column":43}},"7":{"start":{"line":5,"column":58},"end":{"line":5,"column":150}},"8":{"start":{"line":5,"column":81},"end":{"line":5,"column":150}},"9":{"start":{"line":6,"column":4},"end":{"line":6,"column":66}},"10":{"start":{"line":8,"column":17},"end":{"line":10,"column":1}},"11":{"start":{"line":9,"column":4},"end":{"line":9,"column":109}},"12":{"start":{"line":9,"column":79},"end":{"line":9,"column":109}},"13":{"start":{"line":11,"column":0},"end":{"line":11,"column":62}},"14":{"start":{"line":12,"column":16},"end":{"line":12,"column":34}},"15":{"start":{"line":13,"column":26},"end":{"line":69,"column":3}},"16":{"start":{"line":16,"column":4},"end":{"line":22,"column":37}},"17":{"start":{"line":23,"column":4},"end":{"line":30,"column":41}},"18":{"start":{"line":31,"column":4},"end":{"line":37,"column":44}},"19":{"start":{"line":38,"column":4},"end":{"line":44,"column":51}},"20":{"start":{"line":45,"column":4},"end":{"line":51,"column":40}},"21":{"start":{"line":52,"column":4},"end":{"line":57,"column":50}},"22":{"start":{"line":58,"column":4},"end":{"line":64,"column":43}},"23":{"start":{"line":65,"column":4},"end":{"line":67,"column":13}},"24":{"start":{"line":68,"column":4},"end":{"line":68,"column":16}},"25":{"start":{"line":70,"column":0},"end":{"line":70,"column":20}}},"fnMap":{"0":{"name":"(anonymous_0)","decl":{"start":{"line":2,"column":46},"end":{"line":2,"column":47}},"loc":{"start":{"line":2,"column":87},"end":{"line":7,"column":1}},"line":2},"1":{"name":"(anonymous_1)","decl":{"start":{"line":8,"column":46},"end":{"line":8,"column":47}},"loc":{"start":{"line":8,"column":62},"end":{"line":10,"column":1}},"line":8},"2":{"name":"(anonymous_2)","decl":{"start":{"line":13,"column":26},"end":{"line":13,"column":27}},"loc":{"start":{"line":13,"column":38},"end":{"line":69,"column":1}},"line":13},"3":{"name":"File","decl":{"start":{"line":14,"column":13},"end":{"line":14,"column":17}},"loc":{"start":{"line":14,"column":20},"end":{"line":15,"column":5}},"line":14}},"branchMap":{"0":{"loc":{"start":{"line":2,"column":17},"end":{"line":7,"column":1}},"type":"binary-expr","locations":[{"start":{"line":2,"column":18},"end":{"line":2,"column":22}},{"start":{"line":2,"column":26},"end":{"line":2,"column":41}},{"start":{"line":2,"column":46},"end":{"line":7,"column":1}}],"line":2},"1":{"loc":{"start":{"line":3,"column":34},"end":{"line":3,"column":125}},"type":"cond-expr","locations":[{"start":{"line":3,"column":42},"end":{"line":3,"column":48}},{"start":{"line":3,"column":51},"end":{"line":3,"column":125}}],"line":3},"2":{"loc":{"start":{"line":3,"column":51},"end":{"line":3,"column":125}},"type":"cond-expr","locations":[{"start":{"line":3,"column":67},"end":{"line":3,"column":118}},{"start":{"line":3,"column":121},"end":{"line":3,"column":125}}],"line":3},"3":{"loc":{"start":{"line":4,"column":4},"end":{"line":5,"column":150}},"type":"if","locations":[{"start":{"line":4,"column":4},"end":{"line":5,"column":150}},{"start":{"line":4,"column":4},"end":{"line":5,"column":150}}],"line":4},"4":{"loc":{"start":{"line":4,"column":8},"end":{"line":4,"column":77}},"type":"binary-expr","locations":[{"start":{"line":4,"column":8},"end":{"line":4,"column":35}},{"start":{"line":4,"column":39},"end":{"line":4,"column":77}}],"line":4},"5":{"loc":{"start":{"line":5,"column":58},"end":{"line":5,"column":150}},"type":"if","locations":[{"start":{"line":5,"column":58},"end":{"line":5,"column":150}},{"start":{"line":5,"column":58},"end":{"line":5,"column":150}}],"line":5},"6":{"loc":{"start":{"line":5,"column":85},"end":{"line":5,"column":149}},"type":"binary-expr","locations":[{"start":{"line":5,"column":86},"end":{"line":5,"column":143}},{"start":{"line":5,"column":148},"end":{"line":5,"column":149}}],"line":5},"7":{"loc":{"start":{"line":5,"column":86},"end":{"line":5,"column":143}},"type":"cond-expr","locations":[{"start":{"line":5,"column":94},"end":{"line":5,"column":98}},{"start":{"line":5,"column":101},"end":{"line":5,"column":143}}],"line":5},"8":{"loc":{"start":{"line":5,"column":101},"end":{"line":5,"column":143}},"type":"cond-expr","locations":[{"start":{"line":5,"column":109},"end":{"line":5,"column":126}},{"start":{"line":5,"column":129},"end":{"line":5,"column":143}}],"line":5},"9":{"loc":{"start":{"line":6,"column":11},"end":{"line":6,"column":62}},"type":"binary-expr","locations":[{"start":{"line":6,"column":11},"end":{"line":6,"column":16}},{"start":{"line":6,"column":20},"end":{"line":6,"column":21}},{"start":{"line":6,"column":25},"end":{"line":6,"column":62}}],"line":6},"10":{"loc":{"start":{"line":8,"column":17},"end":{"line":10,"column":1}},"type":"binary-expr","locations":[{"start":{"line":8,"column":18},"end":{"line":8,"column":22}},{"start":{"line":8,"column":26},"end":{"line":8,"column":41}},{"start":{"line":8,"column":46},"end":{"line":10,"column":1}}],"line":8},"11":{"loc":{"start":{"line":9,"column":4},"end":{"line":9,"column":109}},"type":"if","locations":[{"start":{"line":9,"column":4},"end":{"line":9,"column":109}},{"start":{"line":9,"column":4},"end":{"line":9,"column":109}}],"line":9},"12":{"loc":{"start":{"line":9,"column":8},"end":{"line":9,"column":77}},"type":"binary-expr","locations":[{"start":{"line":9,"column":8},"end":{"line":9,"column":35}},{"start":{"line":9,"column":39},"end":{"line":9,"column":77}}],"line":9}},"s":{"0":1,"1":8,"2":8,"3":8,"4":8,"5":0,"6":0,"7":0,"8":0,"9":8,"10":1,"11":7,"12":7,"13":1,"14":1,"15":1,"16":1,"17":1,"18":1,"19":1,"20":1,"21":1,"22":1,"23":1,"24":1,"25":1},"f":{"0":8,"1":7,"2":1,"3":13},"b":{"0":[1,1,1],"1":[1,7],"2":[0,7],"3":[8,0],"4":[8,8],"5":[0,0],"6":[0,0],"7":[0,0],"8":[0,0],"9":[8,7,0],"10":[1,1,1],"11":[7,0],"12":[7,7]},"inputSourceMap":{"version":3,"file":"C:\\Users\\kuldeep.chopra\\Desktop\\Work\\gateKeeper\\gatekeeper_second\\src\\entity\\file.ts","sources":["C:\\Users\\kuldeep.chopra\\Desktop\\Work\\gateKeeper\\gatekeeper_second\\src\\entity\\file.ts"],"names":[],"mappings":";;;;;;;;;;;AAAA,mCAA+D;AAI/D;IAAA;IA2CA,CAAC;IArCG;QAJC,gBAAM,CAAC,KAAK,EAAE;YACX,IAAI,EAAE,IAAI;SACb,CAAC;QACD,gCAAsB,EAAE;;oCACF;IAOvB;QALC,gBAAM,CAAC,SAAS,EAAE;YACf,MAAM,EAAE,GAAG;YACX,IAAI,EAAE,QAAQ;YACd,MAAM,EAAG,IAAI;SAChB,CAAC;;wCACqB;IAMvB;QAJC,gBAAM,CAAC,SAAS,EAAE;YACf,MAAM,EAAE,IAAI;YACZ,IAAI,EAAE,WAAW;SACpB,CAAC;;2CACwB;IAM1B;QAJC,gBAAM,CAAC,SAAS,EAAE;YACf,MAAM,EAAE,GAAG;YACX,IAAI,EAAE,kBAAkB;SAC3B,CAAC;;kDAC+B;IAMjC;QAJC,gBAAM,CAAC,SAAS,EAAE;YACf,MAAM,EAAE,IAAI;YACZ,IAAI,EAAE,OAAO;SAChB,CAAC;;uCACoB;IAKtB;QAHC,gBAAM,CAAC,UAAU,EAAE;YAChB,IAAI,EAAE,iBAAiB;SAC1B,CAAC;kCACgB,IAAI;iDAAE;IAMxB;QAJC,gBAAM,CAAC,SAAS,EAAE;YACf,MAAM,EAAE,IAAI;YACZ,IAAI,EAAE,UAAU;SACnB,CAAC;;0CACuB;IA1ChB,IAAI;QADhB,gBAAM,EAAE;OACI,IAAI,CA2ChB;IAAD,WAAC;CAAA,AA3CD,IA2CC;AA3CY,oBAAI","sourcesContent":["import {Entity, PrimaryGeneratedColumn, Column} from \"typeorm\";\r\n\r\n\r\n@Entity()\r\nexport class File {\r\n\r\n    @Column(\"int\", {\r\n        name: \"Id\"\r\n    })\r\n    @PrimaryGeneratedColumn()\r\n    Id: number | undefined;\r\n\r\n    @Column(\"varchar\", {\r\n        length: 250,\r\n        name: \"FileId\",\r\n        unique : true,\r\n    })\r\n    FileId!: string | null;\r\n\r\n    @Column(\"varchar\", {\r\n        length: 1025,\r\n        name: \"XWopiLock\",\r\n    })\r\n    XWopiLock!: string | null;\r\n\r\n    @Column(\"varchar\", {\r\n        length: 111,\r\n        name: \"XWopiItemVersion\",\r\n    })\r\n    XWopiItemVersion!: string | null;\r\n\r\n    @Column(\"varchar\", {\r\n        length: 1000,\r\n        name: \"Token\"\r\n    })\r\n    Token!: string | null;\r\n\r\n    @Column(\"datetime\", {\r\n        name: \"LockCreatedDate\",\r\n    })\r\n    LockCreatedDate!: Date ;\r\n\r\n    @Column(\"varchar\", {\r\n        length: 1024,\r\n        name: \"UserInfo\"\r\n    })\r\n    UserInfo!: string | null;\r\n}"]},"_coverageSchema":"1a1c01bbd47fc00a2c39e90264f33305004495a9","hash":"12db579be61821924c5aa1ef57e12bcadea76252","contentHash":"ce1848cede6235c0e3533b59645c4c5a7a9e919743edd87f9be52a9605fb441e"},"C:\\Users\\kuldeep.chopra\\Desktop\\Work\\gateKeeper\\gatekeeper_second\\src\\test\\unit-test\\file_service.spec.ts":{"path":"C:\\Users\\kuldeep.chopra\\Desktop\\Work\\gateKeeper\\gatekeeper_second\\src\\test\\unit-test\\file_service.spec.ts","statementMap":{"0":{"start":{"line":2,"column":16},"end":{"line":10,"column":1}},"1":{"start":{"line":3,"column":28},"end":{"line":3,"column":110}},"2":{"start":{"line":3,"column":91},"end":{"line":3,"column":106}},"3":{"start":{"line":4,"column":4},"end":{"line":9,"column":7}},"4":{"start":{"line":5,"column":36},"end":{"line":5,"column":97}},"5":{"start":{"line":5,"column":42},"end":{"line":5,"column":70}},"6":{"start":{"line":5,"column":85},"end":{"line":5,"column":95}},"7":{"start":{"line":6,"column":35},"end":{"line":6,"column":100}},"8":{"start":{"line":6,"column":41},"end":{"line":6,"column":73}},"9":{"start":{"line":6,"column":88},"end":{"line":6,"column":98}},"10":{"start":{"line":7,"column":32},"end":{"line":7,"column":116}},"11":{"start":{"line":8,"column":8},"end":{"line":8,"column":78}},"12":{"start":{"line":11,"column":18},"end":{"line":37,"column":1}},"13":{"start":{"line":12,"column":12},"end":{"line":12,"column":104}},"14":{"start":{"line":12,"column":43},"end":{"line":12,"column":68}},"15":{"start":{"line":12,"column":57},"end":{"line":12,"column":68}},"16":{"start":{"line":12,"column":69},"end":{"line":12,"column":81}},"17":{"start":{"line":13,"column":4},"end":{"line":13,"column":157}},"18":{"start":{"line":13,"column":138},"end":{"line":13,"column":150}},"19":{"start":{"line":14,"column":23},"end":{"line":14,"column":68}},"20":{"start":{"line":14,"column":45},"end":{"line":14,"column":65}},"21":{"start":{"line":16,"column":8},"end":{"line":16,"column":70}},"22":{"start":{"line":16,"column":15},"end":{"line":16,"column":70}},"23":{"start":{"line":17,"column":8},"end":{"line":34,"column":66}},"24":{"start":{"line":17,"column":18},"end":{"line":34,"column":66}},"25":{"start":{"line":18,"column":12},"end":{"line":18,"column":169}},"26":{"start":{"line":18,"column":160},"end":{"line":18,"column":169}},"27":{"start":{"line":19,"column":12},"end":{"line":19,"column":52}},"28":{"start":{"line":19,"column":26},"end":{"line":19,"column":52}},"29":{"start":{"line":20,"column":12},"end":{"line":32,"column":13}},"30":{"start":{"line":21,"column":32},"end":{"line":21,"column":39}},"31":{"start":{"line":21,"column":40},"end":{"line":21,"column":46}},"32":{"start":{"line":22,"column":24},"end":{"line":22,"column":34}},"33":{"start":{"line":22,"column":35},"end":{"line":22,"column":72}},"34":{"start":{"line":23,"column":24},"end":{"line":23,"column":34}},"35":{"start":{"line":23,"column":35},"end":{"line":23,"column":45}},"36":{"start":{"line":23,"column":46},"end":{"line":23,"column":55}},"37":{"start":{"line":23,"column":56},"end":{"line":23,"column":65}},"38":{"start":{"line":24,"column":24},"end":{"line":24,"column":41}},"39":{"start":{"line":24,"column":42},"end":{"line":24,"column":55}},"40":{"start":{"line":24,"column":56},"end":{"line":24,"column":65}},"41":{"start":{"line":26,"column":20},"end":{"line":26,"column":128}},"42":{"start":{"line":26,"column":110},"end":{"line":26,"column":116}},"43":{"start":{"line":26,"column":117},"end":{"line":26,"column":126}},"44":{"start":{"line":27,"column":20},"end":{"line":27,"column":106}},"45":{"start":{"line":27,"column":81},"end":{"line":27,"column":97}},"46":{"start":{"line":27,"column":98},"end":{"line":27,"column":104}},"47":{"start":{"line":28,"column":20},"end":{"line":28,"column":89}},"48":{"start":{"line":28,"column":57},"end":{"line":28,"column":72}},"49":{"start":{"line":28,"column":73},"end":{"line":28,"column":80}},"50":{"start":{"line":28,"column":81},"end":{"line":28,"column":87}},"51":{"start":{"line":29,"column":20},"end":{"line":29,"column":87}},"52":{"start":{"line":29,"column":47},"end":{"line":29,"column":62}},"53":{"start":{"line":29,"column":63},"end":{"line":29,"column":78}},"54":{"start":{"line":29,"column":79},"end":{"line":29,"column":85}},"55":{"start":{"line":30,"column":20},"end":{"line":30,"column":42}},"56":{"start":{"line":30,"column":30},"end":{"line":30,"column":42}},"57":{"start":{"line":31,"column":20},"end":{"line":31,"column":33}},"58":{"start":{"line":31,"column":34},"end":{"line":31,"column":43}},"59":{"start":{"line":33,"column":12},"end":{"line":33,"column":39}},"60":{"start":{"line":34,"column":22},"end":{"line":34,"column":34}},"61":{"start":{"line":34,"column":35},"end":{"line":34,"column":41}},"62":{"start":{"line":34,"column":54},"end":{"line":34,"column":64}},"63":{"start":{"line":35,"column":8},"end":{"line":35,"column":35}},"64":{"start":{"line":35,"column":23},"end":{"line":35,"column":35}},"65":{"start":{"line":35,"column":36},"end":{"line":35,"column":89}},"66":{"start":{"line":38,"column":19},"end":{"line":44,"column":1}},"67":{"start":{"line":39,"column":4},"end":{"line":39,"column":42}},"68":{"start":{"line":39,"column":31},"end":{"line":39,"column":42}},"69":{"start":{"line":40,"column":17},"end":{"line":40,"column":19}},"70":{"start":{"line":41,"column":4},"end":{"line":41,"column":99}},"71":{"start":{"line":41,"column":21},"end":{"line":41,"column":99}},"72":{"start":{"line":41,"column":40},"end":{"line":41,"column":99}},"73":{"start":{"line":41,"column":80},"end":{"line":41,"column":99}},"74":{"start":{"line":42,"column":4},"end":{"line":42,"column":28}},"75":{"start":{"line":43,"column":4},"end":{"line":43,"column":18}},"76":{"start":{"line":45,"column":22},"end":{"line":47,"column":1}},"77":{"start":{"line":46,"column":4},"end":{"line":46,"column":62}},"78":{"start":{"line":48,"column":0},"end":{"line":48,"column":62}},"79":{"start":{"line":49,"column":0},"end":{"line":49,"column":28}},"80":{"start":{"line":50,"column":13},"end":{"line":50,"column":28}},"81":{"start":{"line":51,"column":0},"end":{"line":51,"column":17}},"82":{"start":{"line":52,"column":16},"end":{"line":52,"column":53}},"83":{"start":{"line":53,"column":26},"end":{"line":53,"column":87}},"84":{"start":{"line":54,"column":12},"end":{"line":54,"column":42}},"85":{"start":{"line":55,"column":15},"end":{"line":55,"column":45}},"86":{"start":{"line":56,"column":12},"end":{"line":56,"column":36}},"87":{"start":{"line":57,"column":13},"end":{"line":57,"column":41}},"88":{"start":{"line":58,"column":15},"end":{"line":58,"column":44}},"89":{"start":{"line":59,"column":11},"end":{"line":59,"column":41}},"90":{"start":{"line":60,"column":0},"end":{"line":304,"column":3}},"91":{"start":{"line":62,"column":17},"end":{"line":62,"column":34}},"92":{"start":{"line":65,"column":22},"end":{"line":65,"column":40}},"93":{"start":{"line":66,"column":4},"end":{"line":72,"column":7}},"94":{"start":{"line":67,"column":8},"end":{"line":71,"column":11}},"95":{"start":{"line":68,"column":12},"end":{"line":70,"column":15}},"96":{"start":{"line":69,"column":16},"end":{"line":69,"column":38}},"97":{"start":{"line":73,"column":4},"end":{"line":80,"column":7}},"98":{"start":{"line":74,"column":8},"end":{"line":79,"column":11}},"99":{"start":{"line":75,"column":12},"end":{"line":78,"column":15}},"100":{"start":{"line":76,"column":16},"end":{"line":76,"column":34}},"101":{"start":{"line":77,"column":16},"end":{"line":77,"column":38}},"102":{"start":{"line":81,"column":4},"end":{"line":98,"column":7}},"103":{"start":{"line":82,"column":8},"end":{"line":97,"column":11}},"104":{"start":{"line":83,"column":12},"end":{"line":96,"column":15}},"105":{"start":{"line":84,"column":16},"end":{"line":84,"column":48}},"106":{"start":{"line":85,"column":16},"end":{"line":89,"column":18}},"107":{"start":{"line":90,"column":16},"end":{"line":94,"column":18}},"108":{"start":{"line":95,"column":16},"end":{"line":95,"column":38}},"109":{"start":{"line":99,"column":4},"end":{"line":303,"column":7}},"110":{"start":{"line":100,"column":27},"end":{"line":106,"column":9}},"111":{"start":{"line":107,"column":25},"end":{"line":107,"column":49}},"112":{"start":{"line":108,"column":17},"end":{"line":108,"column":82}},"113":{"start":{"line":109,"column":8},"end":{"line":115,"column":11}},"114":{"start":{"line":110,"column":12},"end":{"line":110,"column":74}},"115":{"start":{"line":111,"column":12},"end":{"line":114,"column":15}},"116":{"start":{"line":112,"column":16},"end":{"line":112,"column":63}},"117":{"start":{"line":113,"column":16},"end":{"line":113,"column":23}},"118":{"start":{"line":116,"column":8},"end":{"line":123,"column":11}},"119":{"start":{"line":117,"column":12},"end":{"line":117,"column":48}},"120":{"start":{"line":118,"column":12},"end":{"line":118,"column":78}},"121":{"start":{"line":119,"column":12},"end":{"line":122,"column":15}},"122":{"start":{"line":120,"column":16},"end":{"line":120,"column":47}},"123":{"start":{"line":121,"column":16},"end":{"line":121,"column":23}},"124":{"start":{"line":124,"column":8},"end":{"line":131,"column":11}},"125":{"start":{"line":125,"column":12},"end":{"line":125,"column":48}},"126":{"start":{"line":126,"column":12},"end":{"line":126,"column":78}},"127":{"start":{"line":127,"column":12},"end":{"line":130,"column":15}},"128":{"start":{"line":128,"column":16},"end":{"line":128,"column":47}},"129":{"start":{"line":129,"column":16},"end":{"line":129,"column":23}},"130":{"start":{"line":132,"column":8},"end":{"line":139,"column":11}},"131":{"start":{"line":133,"column":12},"end":{"line":133,"column":48}},"132":{"start":{"line":134,"column":12},"end":{"line":134,"column":78}},"133":{"start":{"line":135,"column":12},"end":{"line":138,"column":15}},"134":{"start":{"line":136,"column":16},"end":{"line":136,"column":47}},"135":{"start":{"line":137,"column":16},"end":{"line":137,"column":23}},"136":{"start":{"line":140,"column":8},"end":{"line":145,"column":11}},"137":{"start":{"line":141,"column":12},"end":{"line":144,"column":15}},"138":{"start":{"line":142,"column":16},"end":{"line":142,"column":57}},"139":{"start":{"line":143,"column":16},"end":{"line":143,"column":23}},"140":{"start":{"line":146,"column":8},"end":{"line":163,"column":11}},"141":{"start":{"line":147,"column":12},"end":{"line":155,"column":15}},"142":{"start":{"line":148,"column":33},"end":{"line":148,"column":76}},"143":{"start":{"line":149,"column":16},"end":{"line":149,"column":43}},"144":{"start":{"line":150,"column":16},"end":{"line":150,"column":78}},"145":{"start":{"line":151,"column":16},"end":{"line":154,"column":19}},"146":{"start":{"line":152,"column":20},"end":{"line":152,"column":65}},"147":{"start":{"line":153,"column":20},"end":{"line":153,"column":27}},"148":{"start":{"line":156,"column":12},"end
[...]
end":{"line":96,"column":7}},"53":{"start":{"line":69,"column":18},"end":{"line":69,"column":44}},"54":{"start":{"line":70,"column":18},"end":{"line":75,"column":9}},"55":{"start":{"line":76,"column":8},"end":{"line":85,"column":11}},"56":{"start":{"line":77,"column":23},"end":{"line":77,"column":48}},"57":{"start":{"line":78,"column":12},"end":{"line":78,"column":47}},"58":{"start":{"line":79,"column":12},"end":{"line":84,"column":15}},"59":{"start":{"line":80,"column":16},"end":{"line":80,"column":47}},"60":{"start":{"line":81,"column":16},"end":{"line":81,"column":87}},"61":{"start":{"line":82,"column":16},"end":{"line":82,"column":71}},"62":{"start":{"line":83,"column":16},"end":{"line":83,"column":23}},"63":{"start":{"line":86,"column":8},"end":{"line":95,"column":11}},"64":{"start":{"line":87,"column":23},"end":{"line":87,"column":25}},"65":{"start":{"line":88,"column":12},"end":{"line":88,"column":33}},"66":{"start":{"line":89,"column":12},"end":{"line":89,"column":47}},"67":{"start":{"line":90,"column":12},"end":{"line":94,"column":15}},"68":{"start":{"line":91,"column":16},"end":{"line":91,"column":47}},"69":{"start":{"line":92,"column":16},"end":{"line":92,"column":36}},"70":{"start":{"line":93,"column":16},"end":{"line":93,"column":23}},"71":{"start":{"line":97,"column":4},"end":{"line":108,"column":7}},"72":{"start":{"line":98,"column":8},"end":{"line":107,"column":11}},"73":{"start":{"line":99,"column":12},"end":{"line":99,"column":109}},"74":{"start":{"line":100,"column":12},"end":{"line":106,"column":15}},"75":{"start":{"line":101,"column":16},"end":{"line":101,"column":47}},"76":{"start":{"line":102,"column":16},"end":{"line":102,"column":79}},"77":{"start":{"line":103,"column":16},"end":{"line":103,"column":40}},"78":{"start":{"line":104,"column":16},"end":{"line":104,"column":61}},"79":{"start":{"line":105,"column":16},"end":{"line":105,"column":23}},"80":{"start":{"line":109,"column":4},"end":{"line":120,"column":7}},"81":{"start":{"line":110,"column":8},"end":{"line":119,"column":11}},"82":{"start":{"line":111,"column":12},"end":{"line":111,"column":102}},"83":{"start":{"line":112,"column":12},"end":{"line":118,"column":15}},"84":{"start":{"line":113,"column":16},"end":{"line":113,"column":47}},"85":{"start":{"line":114,"column":16},"end":{"line":114,"column":79}},"86":{"start":{"line":115,"column":16},"end":{"line":115,"column":40}},"87":{"start":{"line":116,"column":16},"end":{"line":116,"column":54}},"88":{"start":{"line":117,"column":16},"end":{"line":117,"column":23}}},"fnMap":{"0":{"name":"(anonymous_0)","decl":{"start":{"line":2,"column":50},"end":{"line":2,"column":51}},"loc":{"start":{"line":2,"column":65},"end":{"line":8,"column":1}},"line":2},"1":{"name":"(anonymous_1)","decl":{"start":{"line":18,"column":17},"end":{"line":18,"column":18}},"loc":{"start":{"line":18,"column":29},"end":{"line":121,"column":1}},"line":18},"2":{"name":"(anonymous_2)","decl":{"start":{"line":21,"column":15},"end":{"line":21,"column":16}},"loc":{"start":{"line":21,"column":27},"end":{"line":24,"column":5}},"line":21},"3":{"name":"(anonymous_3)","decl":{"start":{"line":25,"column":14},"end":{"line":25,"column":15}},"loc":{"start":{"line":25,"column":26},"end":{"line":28,"column":5}},"line":25},"4":{"name":"(anonymous_4)","decl":{"start":{"line":29,"column":44},"end":{"line":29,"column":45}},"loc":{"start":{"line":29,"column":56},"end":{"line":40,"column":5}},"line":29},"5":{"name":"(anonymous_5)","decl":{"start":{"line":30,"column":44},"end":{"line":30,"column":45}},"loc":{"start":{"line":30,"column":60},"end":{"line":39,"column":9}},"line":30},"6":{"name":"(anonymous_6)","decl":{"start":{"line":32,"column":58},"end":{"line":32,"column":59}},"loc":{"start":{"line":32,"column":84},"end":{"line":38,"column":13}},"line":32},"7":{"name":"(anonymous_7)","decl":{"start":{"line":41,"column":44},"end":{"line":41,"column":45}},"loc":{"start":{"line":41,"column":56},"end":{"line":49,"column":5}},"line":41},"8":{"name":"(anonymous_8)","decl":{"start":{"line":42,"column":45},"end":{"line":42,"column":46}},"loc":{"start":{"line":42,"column":61},"end":{"line":48,"column":9}},"line":42},"9":{"name":"(anonymous_9)","decl":{"start":{"line":44,"column":58},"end":{"line":44,"column":59}},"loc":{"start":{"line":44,"column":84},"end":{"line":47,"column":13}},"line":44},"10":{"name":"(anonymous_10)","decl":{"start":{"line":50,"column":44},"end":{"line":50,"column":45}},"loc":{"start":{"line":50,"column":56},"end":{"line":58,"column":5}},"line":50},"11":{"name":"(anonymous_11)","decl":{"start":{"line":51,"column":51},"end":{"line":51,"column":52}},"loc":{"start":{"line":51,"column":67},"end":{"line":57,"column":9}},"line":51},"12":{"name":"(anonymous_12)","decl":{"start":{"line":53,"column":58},"end":{"line":53,"column":59}},"loc":{"start":{"line":53,"column":84},"end":{"line":56,"column":13}},"line":53},"13":{"name":"(anonymous_13)","decl":{"start":{"line":59,"column":44},"end":{"line":59,"column":45}},"loc":{"start":{"line":59,"column":56},"end":{"line":67,"column":5}},"line":59},"14":{"name":"(anonymous_14)","decl":{"start":{"line":60,"column":48},"end":{"line":60,"column":49}},"loc":{"start":{"line":60,"column":64},"end":{"line":66,"column":9}},"line":60},"15":{"name":"(anonymous_15)","decl":{"start":{"line":62,"column":58},"end":{"line":62,"column":59}},"loc":{"start":{"line":62,"column":84},"end":{"line":65,"column":13}},"line":62},"16":{"name":"(anonymous_16)","decl":{"start":{"line":68,"column":44},"end":{"line":68,"column":45}},"loc":{"start":{"line":68,"column":56},"end":{"line":96,"column":5}},"line":68},"17":{"name":"(anonymous_17)","decl":{"start":{"line":76,"column":48},"end":{"line":76,"column":49}},"loc":{"start":{"line":76,"column":64},"end":{"line":85,"column":9}},"line":76},"18":{"name":"(anonymous_18)","decl":{"start":{"line":79,"column":67},"end":{"line":79,"column":68}},"loc":{"start":{"line":79,"column":93},"end":{"line":84,"column":13}},"line":79},"19":{"name":"(anonymous_19)","decl":{"start":{"line":86,"column":40},"end":{"line":86,"column":41}},"loc":{"start":{"line":86,"column":56},"end":{"line":95,"column":9}},"line":86},"20":{"name":"(anonymous_20)","decl":{"start":{"line":90,"column":67},"end":{"line":90,"column":68}},"loc":{"start":{"line":90,"column":93},"end":{"line":94,"column":13}},"line":90},"21":{"name":"(anonymous_21)","decl":{"start":{"line":97,"column":49},"end":{"line":97,"column":50}},"loc":{"start":{"line":97,"column":61},"end":{"line":108,"column":5}},"line":97},"22":{"name":"(anonymous_22)","decl":{"start":{"line":98,"column":42},"end":{"line":98,"column":43}},"loc":{"start":{"line":98,"column":58},"end":{"line":107,"column":9}},"line":98},"23":{"name":"(anonymous_23)","decl":{"start":{"line":100,"column":58},"end":{"line":100,"column":59}},"loc":{"start":{"line":100,"column":84},"end":{"line":106,"column":13}},"line":100},"24":{"name":"(anonymous_24)","decl":{"start":{"line":109,"column":50},"end":{"line":109,"column":51}},"loc":{"start":{"line":109,"column":62},"end":{"line":120,"column":5}},"line":109},"25":{"name":"(anonymous_25)","decl":{"start":{"line":110,"column":43},"end":{"line":110,"column":44}},"loc":{"start":{"line":110,"column":59},"end":{"line":119,"column":9}},"line":110},"26":{"name":"(anonymous_26)","decl":{"start":{"line":112,"column":58},"end":{"line":112,"column":59}},"loc":{"start":{"line":112,"column":84},"end":{"line":118,"column":13}},"line":112}},"branchMap":{"0":{"loc":{"start":{"line":2,"column":19},"end":{"line":8,"column":1}},"type":"binary-expr","locations":[{"start":{"line":2,"column":20},"end":{"line":2,"column":24}},{"start":{"line":2,"column":28},"end":{"line":2,"column":45}},{"start":{"line":2,"column":50},"end":{"line":8,"column":1}}],"line":2},"1":{"loc":{"start":{"line":3,"column":4},"end":{"line":3,"column":42}},"type":"if","locations":[{"start":{"line":3,"column":4},"end":{"line":3,"column":42}},{"start":{"line":3,"column":4},"end":{"line":3,"column":42}}],"line":3},"2":{"loc":{"start":{"line":3,"column":8},"end":{"line":3,"column":29}},"type":"binary-expr","locations":[{"start":{"line":3,"column":8},"end":{"line":3,"column":11}},{"start":{"line":3,"column":15},"end":{"line":3,"column":29}}],"line":3},"3":{"loc":{"start":{"line":5,"column":4},"end":{"line":5,"column":99}},"type":"if","locations":[{"start":{"line":5,"column":4},"end":{"line":5,"column":99}},{"start":{"line":5,"column":4},"end":{"line":5,"column":99}}],"line":5},"4":{"loc":{"start":{"line":5,"column":40},"end":{"line":5,"column":99}},"type":"if","locations":[{"start":{"line":5,"column":40},"end":{"line":5,"column":99}},{"start":{"line":5,"column":40},"end":{"line":5,"column":99}}],"line":5}},"s":{"0":1,"1":1,"2":0,"3":1,"4":1,"5":1,"6":38,"7":38,"8":1,"9":1,"10":1,"11":1,"12":1,"13":1,"14":1,"15":1,"16":1,"17":1,"18":1,"19":1,"20":8,"21":8,"22":1,"23":8,"24":8,"25":1,"26":1,"27":1,"28":1,"29":1,"30":1,"31":1,"32":1,"33":1,"34":1,"35":1,"36":1,"37":1,"38":1,"39":1,"40":1,"41":1,"42":1,"43":1,"44":1,"45":1,"46":1,"47":1,"48":1,"49":1,"50":1,"51":1,"52":1,"53":1,"54":1,"55":1,"56":1,"57":1,"58":1,"59":1,"60":1,"61":1,"62":1,"63":1,"64":1,"65":1,"66":1,"67":1,"68":1,"69":1,"70":1,"71":1,"72":1,"73":1,"74":1,"75":1,"76":1,"77":1,"78":1,"79":1,"80":1,"81":1,"82":1,"83":1,"84":1,"85":1,"86":1,"87":1,"88":1},"f":{"0":1,"1":1,"2":8,"3":8,"4":1,"5":1,"6":1,"7":1,"8":1,"9":1,"10":1,"11":1,"12":1,"13":1,"14":1,"15":1,"16":1,"17":1,"18":1,"19":1,"20":1,"21":1,"22":1,"23":1,"24":1,"25":1,"26":1},"b":{"0":[1,1,1],"1":[0,1],"2":[1,1],"3":[1,0],"4":[38,0]},"inputSourceMap":{"version":3,"file":"C:\\Users\\kuldeep.chopra\\Desktop\\Work\\gateKeeper\\gatekeeper_second\\src\\test\\unit-test\\wopi\\wopi_controller.spec.ts","sources":["C:\\Users\\kuldeep.chopra\\Desktop\\Work\\gateKeeper\\gatekeeper_second\\src\\test\\unit-test\\wopi\\wopi_controller.spec.ts"],"names":[],"mappings":";;;;;;;;;AAAA,gCAAgC;AAChC,iBAAe;AACf,2CAA8B;AAC9B,IAAM,OAAO,GAAG,OAAO,CAAC,SAAS,CAAC,CAAC;AACnC,IAAM,IAAI,GAAG,OAAO,CAAC,MAAM,CAAC,CAAC;AAC7B,IAAM,MAAM,GAAG,IAAI,CAAC,MAAM,EAAE,CAAC;AAC7B,IAAM,SAAS,GAAG,OAAO,CAAC,+BAA+B,CAAC,CAAC;AAC3D,IAAM,IAAI,GAAG,uBAAuB,CAAC;AACrC,QAAQ,CAAC,MAAM,EAAE;IACb,IAAI,UAAe,CAAC;IACpB,IAAI,WAAgB,CAAC;IACrB,UAAU,CAAC;QACP,UAAU,GAAG,KAAK,CAAC,IAAI,CAAC,OAAO,EAAE,KAAK,CAAC,CAAC;QACxC,WAAW,GAAG,KAAK,CAAC,IAAI,CAAC,OAAO,EAAE,MAAM,CAAC,CAAC;IAC9C,CAAC,CAAC,CAAC;IAEH,SAAS,CAAC;QACN,OAAO,CAAC,GAAG,CAAC,OAAO,EAAE,CAAC;QACtB,OAAO,CAAC,IAAI,CAAC,OAAO,EAAE,CAAC;IAC3B,CAAC,CAAC,CAAC;IAEH,QAAQ,CAAC,6BAA6B,EAAE;QACpC,EAAE,CAAC,+BAA+B,EAAE,UAAC,IAAI;YACrC,UAAU,CAAC,MAAM,CAAC,IAAI,EAAE,SAAS,CAAC,OAAO,CAAC,GAAG,EAAE,IAAI,CAAC,SAAS,CAAC,SAAS,CAAC,OAAO,CAAC,IAAI,CAAC,CAAC,CAAC;YACvF,OAAO,CAAC,GAAG,CAAI,IAAI,4BAAyB,EAAE,UAAC,GAAQ,EAAE,GAAQ,EAAE,IAAS;gBACxE,GAAG,CAAC,UAAU,CAAC,MAAM,CAAC,GAAG,CAAC,GAAG,CAAC,CAAC;gBAC/B,GAAG,CAAC,OAAO,CAAC,cAAc,CAAC,CAAC,MAAM,CAAC,OAAO,CAAC,kBAAkB,CAAC,CAAC;gBAC/D,IAAI,GAAG,IAAI,CAAC,KAAK,CAAC,IAAI,CAAC,CAAC;gBACxB,IAAI,CAAC,YAAY,CAAC,MAAM,CAAC,GAAG,CAAC,iBAAiB,CAAC,CAAC;gBAChD,IAAI,EAAE,CAAC;YACX,CAAC,CAAC,CAAC;QACP,CAAC,CAAC,CAAC;IACP,CAAC,CAAC,CAAC;IAEH,QAAQ,CAAC,6BAA6B,EAAE;QACpC,EAAE,CAAC,gCAAgC,EAAE,UAAC,IAAI;YACtC,UAAU,CAAC,MAAM,CAAC,IAAI,EAAE,SAAS,CAAC,OAAO,CAAC,mBAAmB,EAAE,IAAI,CAAC,SAAS,CAAC,EAAE,CAAC,CAAC,CAAC;YACnF,OAAO,CAAC,GAAG,CAAI,IAAI,4BAAyB,EAAE,UAAC,GAAQ,EAAE,GAAQ,EAAE,IAAS;gBACxE,GAAG,CAAC,UAAU,CAAC,MAAM,CAAC,GAAG,CAAC,GAAG,CAAC,CAAC;gBAC/B,IAAI,EAAE,CAAC;YACX,CAAC,CAAC,CAAC;QACP,CAAC,CAAC,CAAC;IACP,CAAC,CAAC,CAAC;IAEH,QAAQ,CAAC,6BAA6B,EAAE;QACpC,EAAE,CAAC,sCAAsC,EAAE,UAAC,IAAI;YAC5C,UAAU,CAAC,MAAM,CAAC,IAAI,EAAE,SAAS,CAAC,OAAO,CAAC,YAAY,EAAE,IAAI,CAAC,SAAS,CAAC,EAAE,CAAC,CAAC,CAAC;YAC5E,OAAO,CAAC,GAAG,CAAI,IAAI,4BAAyB,EAAE,UAAC,GAAQ,EAAE,GAAQ,EAAE,IAAS;gBACxE,GAAG,CAAC,UAAU,CAAC,MAAM,CAAC,GAAG,CAAC,GAAG,CAAC,CAAC;gBAC/B,IAAI,EAAE,CAAC;YACX,CAAC,CAAC,CAAC;QACP,CAAC,CAAC,CAAC;IACP,CAAC,CAAC,CAAC;IAEH,QAAQ,CAAC,6BAA6B,EAAE;QACpC,EAAE,CAAC,mCAAmC,EAAE,UAAC,IAAI;YACzC,UAAU,CAAC,MAAM,CAAC,IAAI,EAAE,SAAS,CAAC,OAAO,CAAC,QAAQ,EAAE,IAAI,CAAC,SAAS,CAAC,EAAE,CAAC,CAAC,CAAC;YACxE,OAAO,CAAC,GAAG,CAAI,IAAI,4BAAyB,EAAE,UAAC,GAAQ,EAAE,GAAQ,EAAE,IAAS;gBACxE,GAAG,CAAC,UAAU,CAAC,MAAM,CAAC,GAAG,CAAC,GAAG,CAAC,CAAC;gBAC/B,IAAI,EAAE,CAAC;YACX,CAAC,CAAC,CAAC;QACP,CAAC,CAAC,CAAC;IACP,CAAC,CAAC,CAAC;IAGH,QAAQ,CAAC,6BAA6B,EAAE;QACpC,IAAI,GAAG,GAAG,0BAA0B,CAAC;QACrC,IAAI,GAAG,GAAG;YACN,YAAY,EAAE,GAAG;YACjB,SAAS,EAAE;gBACP,cAAc,EAAE,0BAA0B;aAC7C;SAEJ,CAAC;QAGF,EAAE,CAAC,mCAAmC,EAAE,UAAC,IAAI;YACzC,IAAI,IAAI,GAAG,IAAI,MAAM,CAAC,GAAG,EAAE,QAAQ,CAAC,CAAC;YACrC,UAAU,CAAC,MAAM,CAAC,IAAI,EAAE,GAAG,EAAE,IAAI,CAAC,CAAC;YACnC,OAAO,CAAC,GAAG,CAAI,IAAI,qCAAkC,EAAE,UAAC,GAAQ,EAAE,GAAQ,EAAE,IAAS;gBACjF,GAAG,CAAC,UAAU,CAAC,MAAM,CAAC,GAAG,CAAC,GAAG,CAAC,CAAC;gBAC/B,GAAG,CAAC,OAAO,CAAC,cAAc,CAAC,CAAC,MAAM,CAAC,OAAO,CAAC,0BAA0B,CAAC,CAAC;gBACvE,IAAI,CAAC,QAAQ,EAAE,CAAC,MAAM,CAAC,GAAG,CAAC,0BAA0B,CAAC,CAAC;gBACvD,IAAI,EAAE,CAAC;YACX,CAAC,CAAC,CAAC;QACP,CAAC,CAAC,CAAC;QAEH,EAAE,CAAC,2BAA2B,EAAE,UAAC,IAAI;YACjC,IAAI,IAAI,GAAC,EAAE,CAAC;YACZ,GAAG,CAAC,UAAU,GAAG,GAAG,CAAC;YACrB,UAAU,CAAC,MAAM,CAAC,IAAI,EAAE,GAAG,EAAE,IAAI,CAAC,CAAC;YACnC,OAAO,CAAC,GAAG,CAAI,IAAI,qCAAkC,EAAE,UAAC,GAAQ,EAAE,GAAQ,EAAE,IAAS;gBACjF,GAAG,CAAC,UAAU,CAAC,MAAM,CAAC,GAAG,CAAC,GAAG,CAAC,CAAC;gBAC/B,IAAI,CAAC,MAAM,CAAC,GAAG,CAAC,EAAE,CAAC,CAAC;gBACpB,IAAI,EAAE,CAAC;YACX,CAAC,CAAC,CAAC;QACP,CAAC,CAAC,CAAC;IACP,CAAC,CAAC,CAAC;IAEH,QAAQ,CAAC,kCAAkC,EAAE;QACzC,EAAE,CAAC,6BAA6B,EAAE,UAAC,IAAI;YACnC,UAAU,CAAC,MAAM,CAAC,IAAI,EAAE,SAAS,CAAC,OAAO,CAAC,GAAG,EAAE,IAAI,CAAC,SAAS,CAAC,EAAE,GAAG,EAAE,uBAAuB,EAAE,CAAC,CAAC,CAAC;YACjG,OAAO,CAAC,GAAG,CAAI,IAAI,4BAAyB,EAAE,UAAC,GAAQ,EAAE,GAAQ,EAAE,IAAS;gBACxE,GAAG,CAAC,UAAU,CAAC,MAAM,CAAC,GAAG,CAAC,GAAG,CAAC,CAAC;gBAC/B,GAAG,CAAC,OAAO,CAAC,cAAc,CAAC,CAAC,MAAM,CAAC,OAAO,CAAC,kBAAkB,CAAC,CAAC;gBAC/D,IAAI,GAAG,IAAI,CAAC,KAAK,CAAC,IAAI,CAAC,CAAC;gBACxB,IAAI,CAAC,GAAG,CAAC,MAAM,CAAC,GAAG,CAAC,uBAAuB,CAAC,CAAC;gBAC7C,IAAI,EAAE,CAAC;YACX,CAAC,CAAC,CAAC;QACP,CAAC,CAAC,CAAC;IACP,CAAC,CAAC,CAAC;IAGH,QAAQ,CAAC,mCAAmC,EAAE;QAC1C,EAAE,CAAC,8BAA8B,EAAE,UAAC,IAAI;YACpC,UAAU,CAAC,MAAM,CAAC,IAAI,EAAE,SAAS,CAAC,OAAO,CAAC,GAAG,EAAE,IAAI,CAAC,SAAS,CAAC,EAAE,GAAG,EAAE,gBAAgB,EAAE,CAAC,CAAC,CAAC;YAC1F,OAAO,CAAC,GAAG,CAAI,IAAI,4BAAyB,EAAE,UAAC,GAAQ,EAAE,GAAQ,EAAE,IAAS;gBACxE,GAAG,CAAC,UAAU,CAAC,MAAM,CAAC,GAAG,CAAC,GAAG,CAAC,CAAC;gBAC/B,GAAG,CAAC,OAAO,CAAC,cAAc,CAAC,CAAC,MAAM,CAAC,OAAO,CAAC,kBAAkB,CAAC,CAAC;gBAC/D,IAAI,GAAG,IAAI,CAAC,KAAK,CAAC,IAAI,CAAC,CAAC;gBACxB,IAAI,CAAC,GAAG,CAAC,MAAM,CAAC,GAAG,CAAC,gBAAgB,CAAC,CAAC;gBACtC,IAAI,EAAE,CAAC;YACX,CAAC,CAAC,CAAC;QACP,CAAC,CAAC,CAAC;IACP,CAAC,CAAC,CAAC;AAEP,CAAC,CAAC,CAAC","sourcesContent":["//import { expect } from 'chai';\r\nimport 'mocha';\r\nimport * as sinon from \"sinon\"\r\nconst request = require('request');\r\nconst chai = require('chai');\r\nconst should = chai.should();\r\nconst checkfile = require('../../fixtures/checkfile.json');\r\nconst base = 'http://localhost:3000';\r\ndescribe('Wopi', () => {\r\n    let requestGet: any;\r\n    let requestPost: any;\r\n    beforeEach(() => {\r\n        requestGet = sinon.stub(request, 'get');\r\n        requestPost = sinon.stub(request, 'post');\r\n    });\r\n\r\n    afterEach(() => {\r\n        request.get.restore();\r\n        request.post.restore();\r\n    });\r\n\r\n    describe('GET /wopi/files/sample.docx', () => {\r\n        it('should return check file info', (done) => {\r\n            requestGet.yields(null, checkfile.success.res, JSON.stringify(checkfile.success.body));\r\n            request.get(`${base}/wopi/files/sample.docx`, (err: any, res: any, body: any) => {\r\n                res.statusCode.should.eql(200);\r\n                res.headers['content-type'].should.contain('application/json');\r\n                body = JSON.parse(body);\r\n                body.BaseFileName.should.eql('sample.wopitest');\r\n                done();\r\n            });\r\n        });\r\n    });\r\n\r\n    describe('GET /wopi/files/sample.docx', () => {\r\n        it('should return 500 server error', (done) => {\r\n            requestGet.yields(null, checkfile.failure.internalServerError, JSON.stringify({}));\r\n            request.get(`${base}/wopi/files/sample.docx`, (err: any, res: any, body: any) => {\r\n                res.statusCode.should.eql(500);\r\n                done();\r\n            });\r\n        });\r\n    });\r\n\r\n    describe('GET /wopi/files/sample.docx', () => {\r\n        it('should return 401 unauthorized error', (done) => {\r\n            requestGet.yields(null, checkfile.failure.Unauthorized, JSON.stringify({}));\r\n            request.get(`${base}/wopi/files/sample.docx`, (err: any, res: any, body: any) => {\r\n                res.statusCode.should.eql(401);\r\n                done();\r\n            });\r\n        });\r\n    });\r\n\r\n    describe('GET /wopi/files/sample.docx', () => {\r\n        it('should return 404 Not found error', (done) => {\r\n            requestGet.yields(null, checkfile.failure.NotFound, JSON.stringify({}));\r\n            request.get(`${base}/wopi/files/sample.docx`, (err: any, res: any, body: any) => {\r\n                res.statusCode.should.eql(404);\r\n                done();\r\n            });\r\n        });\r\n    });\r\n\r\n\r\n    describe('GET /wopi/files/sample.docx', () => {\r\n        let str = 'this is test binary file';\r\n        let res = {\r\n            \"statusCode\": 200,\r\n            \"headers\": {\r\n                \"content-type\": \"application/octet-stream\"\r\n            }\r\n\r\n        };\r\n    \r\n\r\n        it('should return binary content file', (done) => {\r\n            let data = new Buffer(str, 'binary');\r\n            requestGet.yields(null, res, data);\r\n            request.get(`${base}/wopi/files/sample.docx/contents`, (err: any, res: any, body: any) => {\r\n                res.statusCode.should.eql(200);\r\n                res.headers['content-type'].should.contain('application/octet-stream');\r\n                body.toString().should.eql('this is test binary file');\r\n                done();\r\n            });\r\n        });\r\n\r\n        it('should return 500 no file', (done) => {\r\n            let data='';\r\n            res.statusCode = 500;\r\n            requestGet.yields(null, res, data);\r\n            request.get(`${base}/wopi/files/sample.docx/contents`, (err: any, res: any, body: any) => {\r\n                res.statusCode.should.eql(500);\r\n                body.should.eql('');\r\n                done();\r\n            });\r\n        });\r\n    });\r\n\r\n    describe('GET /wopi/files/sample.docx/save', () => {\r\n        it('should return 200 File save', (done) => {\r\n            requestGet.yields(null, checkfile.success.res, JSON.stringify({ mes: \"file is updated/saved\" }));\r\n            request.get(`${base}/wopi/files/sample.docx`, (err: any, res: any, body: any) => {\r\n                res.statusCode.should.eql(200);\r\n                res.headers['content-type'].should.contain('application/json');\r\n                body = JSON.parse(body);\r\n                body.mes.should.eql(\"file is updated/saved\");\r\n                done();\r\n            });\r\n        });\r\n    });\r\n\r\n\r\n    describe('GET /wopi/files/sample.docx/close', () => {\r\n        it('should return 200 File Close', (done) => {\r\n            requestGet.yields(null, checkfile.success.res, JSON.stringify({ mes: \"file is closed\" }));\r\n            request.get(`${base}/wopi/files/sample.docx`, (err: any, res: any, body: any) => {\r\n                res.statusCode.should.eql(200);\r\n                res.headers['content-type'].should.contain('application/json');\r\n                body = JSON.parse(body);\r\n                body.mes.should.eql(\"file is closed\");\r\n                done();\r\n            });\r\n        });\r\n    });\r\n\r\n});\r\n\r\n"]},"_coverageSchema":"1a1c01bbd47fc00a2c39e90264f33305004495a9","hash":"7079b9a873a88919e8a7ef171c9e19e7c8e87241","contentHash":"c928713d462f5fafe58112d6074d36b12dabda3426c9965e3c039f05f5979956"}}