TN:
SF:src\config\config.ts
FN:9,(anonymous_2)
FN:28,(anonymous_4)
FN:42,(anonymous_5)
FN:47,(anonymous_6)
FNF:4
FNH:4
FNDA:2,(anonymous_2)
FNDA:1,(anonymous_4)
FNDA:1,(anonymous_5)
FNDA:1,(anonymous_6)
DA:1,1
DA:2,1
DA:4,1
DA:5,1
DA:9,1
DA:10,1
DA:11,1
DA:12,1
DA:13,1
DA:14,1
DA:15,1
DA:16,1
DA:17,1
DA:18,1
DA:19,1
DA:20,1
DA:21,1
DA:22,1
DA:23,1
DA:24,1
DA:25,1
DA:28,1
DA:29,1
DA:30,1
DA:31,1
DA:32,1
DA:33,1
DA:34,1
DA:35,1
DA:36,1
DA:39,0
DA:42,1
DA:43,1
DA:44,1
DA:47,1
DA:48,1
DA:49,1
DA:50,1
DA:51,1
DA:54,0
DA:55,0
DA:58,1
LF:42
LH:39
BRDA:21,0,0,1
BRDA:21,0,1,0
BRDA:22,1,0,1
BRDA:22,1,1,0
BRDA:31,2,0,1
BRDA:31,2,1,0
BRDA:31,3,0,1
BRDA:31,3,1,1
BRDA:43,4,0,1
BRDA:43,4,1,1
BRDA:51,5,0,1
BRDA:51,5,1,0
BRF:12
BRH:8
end_of_record
TN:
SF:src\config\types.ts
FNF:0
FNH:0
DA:1,1
DA:14,1
LF:2
LH:2
BRF:0
BRH:0
end_of_record
TN:
SF:src\entity\file.ts
FN:5,(anonymous_2)
FNF:1
FNH:1
FNDA:14,(anonymous_2)
DA:1,1
DA:5,1
DA:11,1
DA:18,1
DA:24,1
DA:30,1
DA:36,1
DA:41,1
DA:47,1
DA:48,1
LF:10
LH:10
BRF:0
BRH:0
end_of_record
TN:
SF:src\middleware\auth.middleware.ts
FN:1,(anonymous_0)
FN:2,(anonymous_2)
FN:3,(anonymous_3)
FNF:3
FNH:3
FNDA:1,(anonymous_0)
FNDA:2,(anonymous_2)
FNDA:2,(anonymous_3)
DA:1,1
DA:2,1
DA:3,2
DA:4,2
DA:5,2
DA:6,1
DA:8,1
DA:11,1
LF:8
LH:8
BRDA:4,0,0,0
BRDA:4,0,1,2
BRDA:4,1,0,2
BRDA:4,1,1,2
BRDA:5,2,0,1
BRDA:5,2,1,1
BRDA:5,3,0,2
BRDA:5,3,1,1
BRDA:5,4,0,0
BRDA:5,4,1,1
BRDA:5,5,0,1
BRDA:5,5,1,1
BRF:12
BRH:10
end_of_record
TN:
SF:src\model\db.model.ts
FN:1,(anonymous_0)
FNF:1
FNH:1
FNDA:2,(anonymous_0)
DA:1,1
DA:7,1
LF:2
LH:2
BRF:0
BRH:0
end_of_record
TN:
SF:src\services\wopi-file-service\wopi-file.service.ts
FN:12,(anonymous_18)
FN:17,WopiFileService
FN:23,(anonymous_20)
FN:29,(anonymous_23)
FN:31,(anonymous_24)
FN:35,(anonymous_25)
FN:42,(anonymous_26)
FN:47,(anonymous_29)
FN:53,(anonymous_32)
FN:55,(anonymous_33)
FN:60,(anonymous_34)
FN:72,(anonymous_35)
FN:76,(anonymous_38)
FN:82,(anonymous_41)
FN:87,(anonymous_44)
FN:93,(anonymous_47)
FN:98,(anonymous_48)
FN:101,(anonymous_49)
FN:108,(anonymous_50)
FN:111,(anonymous_53)
FN:112,(anonymous_54)
FN:123,(anonymous_55)
FN:132,(anonymous_58)
FN:144,(anonymous_61)
FN:154,(anonymous_64)
FN:166,(anonymous_67)
FNF:26
FNH:26
FNDA:1,(anonymous_18)
FNDA:1,WopiFileService
FNDA:4,(anonymous_20)
FNDA:4,(anonymous_23)
FNDA:1,(anonymous_24)
FNDA:3,(anonymous_25)
FNDA:1,(anonymous_26)
FNDA:2,(anonymous_29)
FNDA:2,(anonymous_32)
FNDA:1,(anonymous_33)
FNDA:1,(anonymous_34)
FNDA:1,(anonymous_35)
FNDA:1,(anonymous_38)
FNDA:1,(anonymous_41)
FNDA:3,(anonymous_44)
FNDA:3,(anonymous_47)
FNDA:1,(anonymous_48)
FNDA:2,(anonymous_49)
FNDA:2,(anonymous_50)
FNDA:2,(anonymous_53)
FNDA:2,(anonymous_54)
FNDA:2,(anonymous_55)
FNDA:2,(anonymous_58)
FNDA:2,(anonymous_61)
FNDA:2,(anonymous_64)
FNDA:10,(anonymous_67)
DA:1,1
DA:4,1
DA:6,1
DA:8,1
DA:9,1
DA:12,1
DA:19,1
DA:20,1
DA:23,1
DA:24,4
DA:29,4
DA:30,4
DA:32,1
DA:33,1
DA:36,3
DA:37,3
DA:42,1
DA:43,1
DA:44,1
DA:47,1
DA:48,2
DA:53,2
DA:54,2
DA:56,1
DA:57,1
DA:58,1
DA:61,1
DA:62,1
DA:72,1
DA:73,1
DA:76,1
DA:77,1
DA:82,1
DA:83,1
DA:84,1
DA:87,1
DA:88,3
DA:93,3
DA:94,3
DA:95,3
DA:99,1
DA:102,2
DA:103,2
DA:108,1
DA:109,2
DA:110,2
DA:111,2
DA:112,2
DA:113,2
DA:114,1
DA:116,1
DA:123,1
DA:124,2
DA:125,2
DA:126,1
DA:128,1
DA:132,1
DA:133,2
DA:134,2
DA:135,2
DA:136,1
DA:139,1
DA:144,4
DA:145,2
DA:146,2
DA:147,2
DA:150,1
DA:154,1
DA:155,2
DA:156,2
DA:157,2
DA:158,2
DA:159,1
DA:162,1
DA:166,1
DA:171,10
DA:172,10
DA:175,1
LF:78
LH:78
BRDA:29,0,0,4
BRDA:43,1,0,1
BRDA:53,2,0,2
BRDA:73,3,0,1
BRDA:73,3,1,1
BRDA:77,4,0,1
BRDA:77,4,1,1
BRDA:83,5,0,1
BRDA:90,6,0,2
BRDA:90,6,1,1
BRDA:90,7,0,3
BRDA:90,7,1,3
BRDA:111,8,0,2
BRDA:113,9,0,1
BRDA:113,9,1,1
BRDA:125,10,0,1
BRDA:125,10,1,1
BRDA:144,11,0,2
BRDA:144,11,1,0
BRF:19
BRH:18
end_of_record
TN:
SF:src\test\integration\db\file_entity.spec.ts
FN:7,(anonymous_14)
FN:10,(anonymous_15)
FN:16,(anonymous_18)
FN:22,(anonymous_21)
FN:27,(anonymous_24)
FN:28,(anonymous_25)
FN:32,(anonymous_26)
FN:33,(anonymous_27)
FN:37,(anonymous_28)
FN:40,(anonymous_29)
FN:48,(anonymous_30)
FN:49,(anonymous_31)
FN:56,(anonymous_32)
FN:57,(anonymous_33)
FN:60,(anonymous_34)
FN:63,(anonymous_35)
FN:70,(anonymous_36)
FN:71,(anonymous_37)
FN:75,(anonymous_38)
FN:78,(anonymous_39)
FN:85,(anonymous_40)
FN:86,(anonymous_41)
FN:90,(anonymous_42)
FN:92,(anonymous_43)
FN:96,(anonymous_44)
FN:99,(anonymous_45)
FN:107,(anonymous_46)
FN:108,(anonymous_47)
FN:112,(anonymous_48)
FN:113,(anonymous_49)
FN:116,(anonymous_50)
FN:119,(anonymous_51)
FNF:32
FNH:23
FNDA:1,(anonymous_14)
FNDA:1,(anonymous_15)
FNDA:1,(anonymous_18)
FNDA:5,(anonymous_21)
FNDA:1,(anonymous_24)
FNDA:1,(anonymous_25)
FNDA:1,(anonymous_26)
FNDA:1,(anonymous_27)
FNDA:0,(anonymous_28)
FNDA:0,(anonymous_29)
FNDA:1,(anonymous_30)
FNDA:1,(anonymous_31)
FNDA:1,(anonymous_32)
FNDA:1,(anonymous_33)
FNDA:0,(anonymous_34)
FNDA:0,(anonymous_35)
FNDA:1,(anonymous_36)
FNDA:1,(anonymous_37)
FNDA:1,(anonymous_38)
FNDA:0,(anonymous_39)
FNDA:1,(anonymous_40)
FNDA:1,(anonymous_41)
FNDA:1,(anonymous_42)
FNDA:1,(anonymous_43)
FNDA:0,(anonymous_44)
FNDA:0,(anonymous_45)
FNDA:1,(anonymous_46)
FNDA:1,(anonymous_47)
FNDA:1,(anonymous_48)
FNDA:1,(anonymous_49)
FNDA:0,(anonymous_50)
FNDA:0,(anonymous_51)
DA:1,1
DA:2,1
DA:4,1
DA:5,1
DA:7,1
DA:10,1
DA:11,1
DA:12,1
DA:13,2
DA:16,1
DA:17,2
DA:18,2
DA:22,1
DA:23,10
DA:27,1
DA:28,1
DA:29,1
DA:30,1
DA:31,1
DA:32,1
DA:33,1
DA:34,1
DA:35,1
DA:36,1
DA:38,0
DA:41,0
DA:48,1
DA:49,1
DA:50,1
DA:51,1
DA:52,1
DA:53,1
DA:54,1
DA:55,1
DA:56,1
DA:57,1
DA:58,1
DA:59,1
DA:61,0
DA:64,0
DA:70,1
DA:71,1
DA:72,1
DA:73,1
DA:74,1
DA:75,1
DA:76,1
DA:77,1
DA:79,0
DA:85,1
DA:86,1
DA:87,1
DA:88,1
DA:89,1
DA:90,1
DA:91,1
DA:92,1
DA:93,1
DA:94,1
DA:97,0
DA:100,0
DA:107,1
DA:108,1
DA:109,1
DA:110,1
DA:111,1
DA:112,1
DA:113,1
DA:114,1
DA:115,1
DA:117,0
DA:120,0
LF:72
LH:63
BRDA:11,0,0,1
BRDA:17,1,0,1
BRDA:23,2,0,5
BRDA:34,3,0,1
BRDA:34,3,1,0
BRDA:34,4,0,1
BRDA:34,4,1,1
BRF:7
BRH:6
end_of_record
TN:
SF:src\test\integration\db\test-db-connection.ts
FN:5,(anonymous_13)
FN:13,(anonymous_14)
FN:13,(anonymous_15)
FN:16,(anonymous_17)
FNF:4
FNH:3
FNDA:1,(anonymous_13)
FNDA:1,(anonymous_14)
FNDA:1,(anonymous_15)
FNDA:0,(anonymous_17)
DA:1,1
DA:2,1
DA:5,1
DA:6,1
DA:13,1
DA:14,2
DA:15,1
DA:17,0
DA:21,1
LF:9
LH:8
BRDA:14,0,0,1
BRF:1
BRH:1
end_of_record
TN:
SF:src\test\unit-test\file_service.spec.ts
FN:15,(anonymous_15)
FN:23,(anonymous_16)
FN:27,(anonymous_19)
FN:33,(anonymous_22)
FN:49,(anonymous_25)
FN:60,(anonymous_26)
FN:62,(anonymous_27)
FN:68,(anonymous_28)
FN:71,(anonymous_29)
FN:78,(anonymous_30)
FN:81,(anonymous_31)
FN:87,(anonymous_32)
FN:90,(anonymous_33)
FN:96,(anonymous_34)
FN:97,(anonymous_35)
FN:103,(anonymous_36)
FN:104,(anonymous_37)
FN:108,(anonymous_38)
FN:115,(anonymous_39)
FN:117,(anonymous_40)
FN:124,(anonymous_41)
FN:128,(anonymous_42)
FN:129,(anonymous_43)
FN:138,(anonymous_44)
FN:139,(anonymous_45)
FN:140,(anonymous_46)
FN:148,(anonymous_47)
FN:151,(anonymous_48)
FN:152,(anonymous_49)
FN:159,(anonymous_50)
FN:160,(anonymous_51)
FN:164,(anonymous_52)
FN:170,(anonymous_53)
FN:173,(anonymous_54)
FN:179,(anonymous_55)
FN:183,(anonymous_56)
FN:191,(anonymous_57)
FN:192,(anonymous_58)
FN:195,(anonymous_59)
FN:201,(anonymous_60)
FN:204,(anonymous_61)
FN:212,(anonymous_62)
FN:213,(anonymous_63)
FN:215,(anonymous_64)
FN:221,(anonymous_65)
FN:223,(anonymous_66)
FN:230,(anonymous_67)
FN:231,(anonymous_68)
FN:233,(anonymous_69)
FN:239,(anonymous_70)
FN:241,(anonymous_71)
FN:249,(anonymous_72)
FN:251,(anonymous_73)
FN:253,(anonymous_74)
FN:260,(anonymous_75)
FN:262,(anonymous_76)
FN:270,(anonymous_77)
FN:271,(anonymous_78)
FN:273,(anonymous_79)
FN:279,(anonymous_80)
FN:281,(anonymous_81)
FNF:61
FNH:61
FNDA:1,(anonymous_15)
FNDA:1,(anonymous_16)
FNDA:23,(anonymous_19)
FNDA:23,(anonymous_22)
FNDA:1,(anonymous_25)
FNDA:1,(anonymous_26)
FNDA:1,(anonymous_27)
FNDA:1,(anonymous_28)
FNDA:1,(anonymous_29)
FNDA:1,(anonymous_30)
FNDA:1,(anonymous_31)
FNDA:1,(anonymous_32)
FNDA:1,(anonymous_33)
FNDA:1,(anonymous_34)
FNDA:1,(anonymous_35)
FNDA:1,(anonymous_36)
FNDA:1,(anonymous_37)
FNDA:1,(anonymous_38)
FNDA:1,(anonymous_39)
FNDA:1,(anonymous_40)
FNDA:1,(anonymous_41)
FNDA:1,(anonymous_42)
FNDA:1,(anonymous_43)
FNDA:1,(anonymous_44)
FNDA:1,(anonymous_45)
FNDA:1,(anonymous_46)
FNDA:1,(anonymous_47)
FNDA:1,(anonymous_48)
FNDA:1,(anonymous_49)
FNDA:1,(anonymous_50)
FNDA:1,(anonymous_51)
FNDA:1,(anonymous_52)
FNDA:1,(anonymous_53)
FNDA:1,(anonymous_54)
FNDA:1,(anonymous_55)
FNDA:1,(anonymous_56)
FNDA:1,(anonymous_57)
FNDA:1,(anonymous_58)
FNDA:1,(anonymous_59)
FNDA:1,(anonymous_60)
FNDA:1,(anonymous_61)
FNDA:1,(anonymous_62)
FNDA:1,(anonymous_63)
FNDA:1,(anonymous_64)
FNDA:1,(anonymous_65)
FNDA:1,(anonymous_66)
FNDA:1,(anonymous_67)
FNDA:1,(anonymous_68)
FNDA:1,(anonymous_69)
FNDA:1,(anonymous_70)
FNDA:1,(anonymous_71)
FNDA:1,(anonymous_72)
FNDA:1,(anonymous_73)
FNDA:1,(anonymous_74)
FNDA:1,(anonymous_75)
FNDA:1,(anonymous_76)
FNDA:1,(anonymous_77)
FNDA:1,(anonymous_78)
FNDA:1,(anonymous_79)
FNDA:1,(anonymous_80)
FNDA:1,(anonymous_81)
DA:1,1
DA:2,1
DA:3,1
DA:4,1
DA:5,1
DA:6,1
DA:7,1
DA:9,1
DA:12,1
DA:13,1
DA:14,1
DA:15,1
DA:18,1
DA:21,1
DA:23,1
DA:27,1
DA:28,23
DA:33,1
DA:34,23
DA:35,23
DA:41,23
DA:49,1
DA:50,1
DA:58,1
DA:59,1
DA:60,1
DA:61,1
DA:62,1
DA:63,1
DA:64,1
DA:68,1
DA:69,1
DA:70,1
DA:71,1
DA:72,1
DA:73,1
DA:78,1
DA:79,1
DA:80,1
DA:81,1
DA:82,1
DA:83,1
DA:87,1
DA:88,1
DA:89,1
DA:90,1
DA:91,1
DA:92,1
DA:96,1
DA:97,1
DA:98,1
DA:99,1
DA:103,1
DA:104,1
DA:105,1
DA:106,1
DA:107,1
DA:108,1
DA:109,1
DA:110,1
DA:115,1
DA:116,1
DA:117,1
DA:118,1
DA:119,1
DA:124,1
DA:126,1
DA:127,1
DA:128,1
DA:129,1
DA:130,1
DA:131,1
DA:138,1
DA:139,1
DA:140,1
DA:141,1
DA:142,1
DA:148,1
DA:149,1
DA:150,1
DA:151,1
DA:152,1
DA:153,1
DA:154,1
DA:159,1
DA:160,1
DA:161,1
DA:162,1
DA:163,1
DA:164,1
DA:165,1
DA:166,1
DA:170,1
DA:171,1
DA:172,1
DA:173,1
DA:174,1
DA:175,1
DA:179,1
DA:180,1
DA:181,1
DA:182,1
DA:183,1
DA:184,1
DA:185,1
DA:191,1
DA:192,1
DA:193,1
DA:194,1
DA:195,1
DA:196,1
DA:197,1
DA:201,1
DA:202,1
DA:203,1
DA:204,1
DA:205,1
DA:206,1
DA:212,1
DA:213,1
DA:214,1
DA:215,1
DA:216,1
DA:217,1
DA:221,1
DA:222,1
DA:223,1
DA:224,1
DA:225,1
DA:230,1
DA:231,1
DA:232,1
DA:233,1
DA:234,1
DA:235,1
DA:239,1
DA:240,1
DA:241,1
DA:242,1
DA:243,1
DA:249,1
DA:250,1
DA:251,1
DA:252,1
DA:253,1
DA:255,1
DA:256,1
DA:260,1
DA:261,1
DA:262,1
DA:263,1
DA:264,1
DA:270,1
DA:271,1
DA:272,1
DA:273,1
DA:274,1
DA:275,1
DA:279,1
DA:280,1
DA:281,1
DA:282,1
DA:283,1
LF:163
LH:163
BRF:0
BRH:0
end_of_record
TN:
SF:src\test\unit-test\middleware\auth-middleware.spec.ts
FN:6,(anonymous_13)
FN:8,(anonymous_14)
FN:12,(anonymous_17)
FN:17,(anonymous_20)
FN:22,(anonymous_23)
FN:23,(anonymous_24)
FN:27,(anonymous_25)
FN:34,(anonymous_26)
FN:36,(anonymous_27)
FN:50,(anonymous_28)
FN:51,(anonymous_29)
FN:55,(anonymous_30)
FN:62,(anonymous_31)
FN:64,(anonymous_32)
FNF:14
FNH:12
FNDA:1,(anonymous_13)
FNDA:1,(anonymous_14)
FNDA:1,(anonymous_17)
FNDA:2,(anonymous_20)
FNDA:1,(anonymous_23)
FNDA:1,(anonymous_24)
FNDA:1,(anonymous_25)
FNDA:0,(anonymous_26)
FNDA:1,(anonymous_27)
FNDA:1,(anonymous_28)
FNDA:1,(anonymous_29)
FNDA:1,(anonymous_30)
FNDA:1,(anonymous_31)
FNDA:0,(anonymous_32)
DA:1,1
DA:2,1
DA:3,1
DA:6,1
DA:8,1
DA:12,1
DA:17,1
DA:22,1
DA:23,1
DA:24,1
DA:26,1
DA:28,1
DA:31,1
DA:34,1
DA:35,1
DA:37,1
DA:40,1
DA:44,1
DA:45,1
DA:46,1
DA:50,1
DA:51,1
DA:52,1
DA:54,1
DA:56,1
DA:59,1
DA:62,1
DA:63,1
DA:65,0
DA:68,1
DA:72,1
DA:73,1
DA:74,1
LF:33
LH:32
BRF:0
BRH:0
end_of_record
TN:
SF:src\test\unit-test\wopi\wopi_controller.spec.ts
FN:9,(anonymous_1)
FN:12,(anonymous_2)
FN:17,(anonymous_3)
FN:22,(anonymous_4)
FN:23,(anonymous_5)
FN:25,(anonymous_6)
FN:35,(anonymous_7)
FN:36,(anonymous_8)
FN:38,(anonymous_9)
FN:45,(anonymous_10)
FN:46,(anonymous_11)
FN:48,(anonymous_12)
FN:55,(anonymous_13)
FN:56,(anonymous_14)
FN:58,(anonymous_15)
FN:66,(anonymous_16)
FN:77,(anonymous_17)
FN:80,(anonymous_18)
FN:88,(anonymous_19)
FN:92,(anonymous_20)
FN:100,(anonymous_21)
FN:101,(anonymous_22)
FN:103,(anonymous_23)
FN:114,(anonymous_24)
FN:115,(anonymous_25)
FN:117,(anonymous_26)
FNF:26
FNH:26
FNDA:1,(anonymous_1)
FNDA:8,(anonymous_2)
FNDA:8,(anonymous_3)
FNDA:1,(anonymous_4)
FNDA:1,(anonymous_5)
FNDA:1,(anonymous_6)
FNDA:1,(anonymous_7)
FNDA:1,(anonymous_8)
FNDA:1,(anonymous_9)
FNDA:1,(anonymous_10)
FNDA:1,(anonymous_11)
FNDA:1,(anonymous_12)
FNDA:1,(anonymous_13)
FNDA:1,(anonymous_14)
FNDA:1,(anonymous_15)
FNDA:1,(anonymous_16)
FNDA:1,(anonymous_17)
FNDA:1,(anonymous_18)
FNDA:1,(anonymous_19)
FNDA:1,(anonymous_20)
FNDA:1,(anonymous_21)
FNDA:1,(anonymous_22)
FNDA:1,(anonymous_23)
FNDA:1,(anonymous_24)
FNDA:1,(anonymous_25)
FNDA:1,(anonymous_26)
DA:2,1
DA:3,1
DA:4,1
DA:5,1
DA:6,1
DA:7,1
DA:8,1
DA:9,1
DA:12,1
DA:13,8
DA:14,8
DA:17,1
DA:18,8
DA:19,8
DA:22,1
DA:23,1
DA:24,1
DA:25,1
DA:26,1
DA:27,1
DA:28,1
DA:29,1
DA:30,1
DA:35,1
DA:36,1
DA:37,1
DA:38,1
DA:39,1
DA:40,1
DA:45,1
DA:46,1
DA:47,1
DA:48,1
DA:49,1
DA:50,1
DA:55,1
DA:56,1
DA:57,1
DA:58,1
DA:59,1
DA:60,1
DA:66,1
DA:67,1
DA:68,1
DA:77,1
DA:78,1
DA:79,1
DA:80,1
DA:81,1
DA:82,1
DA:83,1
DA:84,1
DA:88,1
DA:89,1
DA:90,1
DA:91,1
DA:92,1
DA:93,1
DA:94,1
DA:95,1
DA:100,1
DA:101,1
DA:102,1
DA:103,1
DA:104,1
DA:105,1
DA:106,1
DA:107,1
DA:108,1
DA:114,1
DA:115,1
DA:116,1
DA:117,1
DA:118,1
DA:119,1
DA:120,1
DA:121,1
DA:122,1
LF:78
LH:78
BRF:0
BRH:0
end_of_record
TN:
SF:src\utils\helper.ts
FN:2,(anonymous_0)
FN:4,(anonymous_2)
FNF:2
FNH:2
FNDA:1,(anonymous_0)
FNDA:11,(anonymous_2)
DA:2,1
DA:4,1
DA:5,11
DA:6,11
DA:9,1
LF:5
LH:5
BRDA:5,0,0,10
BRDA:5,0,1,1
BRDA:5,1,0,11
BRDA:5,1,1,11
BRF:4
BRH:4
end_of_record
